#! /c/Source/iverilog-install/bin/vvp
:ivl_version "12.0 (devel)" "(s20150603-1110-g18392a46)";
:ivl_delay_selection "TYPICAL";
:vpi_time_precision + 0;
:vpi_module "D:\iverilog\lib\ivl\system.vpi";
:vpi_module "D:\iverilog\lib\ivl\vhdl_sys.vpi";
:vpi_module "D:\iverilog\lib\ivl\vhdl_textio.vpi";
:vpi_module "D:\iverilog\lib\ivl\v2005_math.vpi";
:vpi_module "D:\iverilog\lib\ivl\va_math.vpi";
S_000001b27fee2a10 .scope module, "cpu" "cpu" 2 4;
 .timescale 0 0;
    .port_info 0 /INPUT 1 "clk_in";
    .port_info 1 /INPUT 1 "rst_in";
    .port_info 2 /INPUT 1 "rdy_in";
    .port_info 3 /INPUT 8 "mem_din";
    .port_info 4 /OUTPUT 8 "mem_dout";
    .port_info 5 /OUTPUT 32 "mem_a";
    .port_info 6 /OUTPUT 1 "mem_wr";
    .port_info 7 /INPUT 1 "io_buffer_full";
    .port_info 8 /OUTPUT 32 "dbgreg_dout";
o000001b27ff16fd8 .functor BUFZ 1, C4<z>; HiZ drive
v000001b27fd3ee90_0 .net "clk_in", 0 0, o000001b27ff16fd8;  0 drivers
o000001b27ff17008 .functor BUFZ 32, C4<zzzzzzzzzzzzzzzzzzzzzzzzzzzzzzzz>; HiZ drive
v000001b27fd3ef30_0 .net "dbgreg_dout", 31 0, o000001b27ff17008;  0 drivers
o000001b27ff17038 .functor BUFZ 1, C4<z>; HiZ drive
v000001b27fee2ba0_0 .net "io_buffer_full", 0 0, o000001b27ff17038;  0 drivers
o000001b27ff17068 .functor BUFZ 32, C4<zzzzzzzzzzzzzzzzzzzzzzzzzzzzzzzz>; HiZ drive
v000001b27fee2c40_0 .net "mem_a", 31 0, o000001b27ff17068;  0 drivers
o000001b27ff17098 .functor BUFZ 8, C4<zzzzzzzz>; HiZ drive
v000001b27fee2ce0_0 .net "mem_din", 7 0, o000001b27ff17098;  0 drivers
o000001b27ff170c8 .functor BUFZ 8, C4<zzzzzzzz>; HiZ drive
v000001b27fee2d80_0 .net "mem_dout", 7 0, o000001b27ff170c8;  0 drivers
o000001b27ff170f8 .functor BUFZ 1, C4<z>; HiZ drive
v000001b27fee2e20_0 .net "mem_wr", 0 0, o000001b27ff170f8;  0 drivers
o000001b27ff17128 .functor BUFZ 1, C4<z>; HiZ drive
v000001b27fd3a840_0 .net "rdy_in", 0 0, o000001b27ff17128;  0 drivers
o000001b27ff17158 .functor BUFZ 1, C4<z>; HiZ drive
v000001b27fd3a8e0_0 .net "rst_in", 0 0, o000001b27ff17158;  0 drivers
E_000001b27fd3bcc0 .event posedge, v000001b27fd3ee90_0;
    .scope S_000001b27fee2a10;
T_0 ;
    %wait E_000001b27fd3bcc0;
    %load/vec4 v000001b27fd3a8e0_0;
    %flag_set/vec4 8;
    %jmp/0xz  T_0.0, 8;
    %jmp T_0.1;
T_0.0 ;
    %load/vec4 v000001b27fd3a840_0;
    %nor/r;
    %flag_set/vec4 8;
    %jmp/0xz  T_0.2, 8;
T_0.2 ;
T_0.1 ;
    %jmp T_0;
    .thread T_0;
# The file index is used to find the file name in the following table.
:file_names 3;
    "N/A";
    "<interactive>";
    "cpu.v";
