#! /usr/bin/vvp
:ivl_version "10.3 (stable)";
:ivl_delay_selection "TYPICAL";
:vpi_time_precision - 12;
:vpi_module "system";
:vpi_module "vhdl_sys";
:vpi_module "v2005_math";
:vpi_module "va_math";
S_0x561f0e30d140 .scope module, "ALU" "ALU" 2 2;
 .timescale -9 -12;
    .port_info 0 /INPUT 1 "clk"
    .port_info 1 /INPUT 1 "rst"
    .port_info 2 /INPUT 1 "rdy"
    .port_info 3 /INPUT 6 "in_op"
    .port_info 4 /INPUT 32 "in_value1"
    .port_info 5 /INPUT 32 "in_value2"
    .port_info 6 /INPUT 32 "in_imm"
    .port_info 7 /INPUT 32 "in_pc"
    .port_info 8 /INPUT 4 "in_rob_tag"
    .port_info 9 /OUTPUT 4 "out_rob_tag"
    .port_info 10 /OUTPUT 32 "out_value"
    .port_info 11 /OUTPUT 32 "out_newpc"
o0x7fe9866a1018 .functor BUFZ 1, C4<z>; HiZ drive
v0x561f0e34e710_0 .net "clk", 0 0, o0x7fe9866a1018;  0 drivers
o0x7fe9866a1048 .functor BUFZ 32, C4<zzzzzzzzzzzzzzzzzzzzzzzzzzzzzzzz>; HiZ drive
v0x561f0e367d50_0 .net "in_imm", 31 0, o0x7fe9866a1048;  0 drivers
o0x7fe9866a1078 .functor BUFZ 6, C4<zzzzzz>; HiZ drive
v0x561f0e367e30_0 .net "in_op", 5 0, o0x7fe9866a1078;  0 drivers
o0x7fe9866a10a8 .functor BUFZ 32, C4<zzzzzzzzzzzzzzzzzzzzzzzzzzzzzzzz>; HiZ drive
v0x561f0e367ef0_0 .net "in_pc", 31 0, o0x7fe9866a10a8;  0 drivers
o0x7fe9866a10d8 .functor BUFZ 4, C4<zzzz>; HiZ drive
v0x561f0e367fd0_0 .net "in_rob_tag", 3 0, o0x7fe9866a10d8;  0 drivers
o0x7fe9866a1108 .functor BUFZ 32, C4<zzzzzzzzzzzzzzzzzzzzzzzzzzzzzzzz>; HiZ drive
v0x561f0e368100_0 .net "in_value1", 31 0, o0x7fe9866a1108;  0 drivers
o0x7fe9866a1138 .functor BUFZ 32, C4<zzzzzzzzzzzzzzzzzzzzzzzzzzzzzzzz>; HiZ drive
v0x561f0e3681e0_0 .net "in_value2", 31 0, o0x7fe9866a1138;  0 drivers
v0x561f0e3682c0_0 .var "out_newpc", 31 0;
v0x561f0e3683a0_0 .var "out_rob_tag", 3 0;
v0x561f0e368480_0 .var "out_value", 31 0;
o0x7fe9866a11f8 .functor BUFZ 1, C4<z>; HiZ drive
v0x561f0e368560_0 .net "rdy", 0 0, o0x7fe9866a11f8;  0 drivers
o0x7fe9866a1228 .functor BUFZ 1, C4<z>; HiZ drive
v0x561f0e368620_0 .net "rst", 0 0, o0x7fe9866a1228;  0 drivers
E_0x561f0e344700/0 .event edge, v0x561f0e367e30_0, v0x561f0e367fd0_0, v0x561f0e367d50_0, v0x561f0e367ef0_0;
E_0x561f0e344700/1 .event edge, v0x561f0e368100_0, v0x561f0e3681e0_0;
E_0x561f0e344700 .event/or E_0x561f0e344700/0, E_0x561f0e344700/1;
    .scope S_0x561f0e30d140;
T_0 ;
    %wait E_0x561f0e344700;
    %pushi/vec4 0, 0, 32;
    %store/vec4 v0x561f0e368480_0, 0, 32;
    %pushi/vec4 0, 0, 32;
    %store/vec4 v0x561f0e3682c0_0, 0, 32;
    %pushi/vec4 0, 0, 4;
    %store/vec4 v0x561f0e3683a0_0, 0, 4;
    %load/vec4 v0x561f0e367e30_0;
    %cmpi/ne 0, 0, 6;
    %jmp/0xz  T_0.0, 4;
    %load/vec4 v0x561f0e367fd0_0;
    %store/vec4 v0x561f0e3683a0_0, 0, 4;
    %load/vec4 v0x561f0e367e30_0;
    %dup/vec4;
    %pushi/vec4 1, 0, 6;
    %cmp/u;
    %jmp/1 T_0.2, 6;
    %dup/vec4;
    %pushi/vec4 2, 0, 6;
    %cmp/u;
    %jmp/1 T_0.3, 6;
    %dup/vec4;
    %pushi/vec4 3, 0, 6;
    %cmp/u;
    %jmp/1 T_0.4, 6;
    %dup/vec4;
    %pushi/vec4 4, 0, 6;
    %cmp/u;
    %jmp/1 T_0.5, 6;
    %dup/vec4;
    %pushi/vec4 5, 0, 6;
    %cmp/u;
    %jmp/1 T_0.6, 6;
    %dup/vec4;
    %pushi/vec4 6, 0, 6;
    %cmp/u;
    %jmp/1 T_0.7, 6;
    %dup/vec4;
    %pushi/vec4 7, 0, 6;
    %cmp/u;
    %jmp/1 T_0.8, 6;
    %dup/vec4;
    %pushi/vec4 8, 0, 6;
    %cmp/u;
    %jmp/1 T_0.9, 6;
    %dup/vec4;
    %pushi/vec4 9, 0, 6;
    %cmp/u;
    %jmp/1 T_0.10, 6;
    %dup/vec4;
    %pushi/vec4 10, 0, 6;
    %cmp/u;
    %jmp/1 T_0.11, 6;
    %dup/vec4;
    %pushi/vec4 29, 0, 6;
    %cmp/u;
    %jmp/1 T_0.12, 6;
    %dup/vec4;
    %pushi/vec4 30, 0, 6;
    %cmp/u;
    %jmp/1 T_0.13, 6;
    %dup/vec4;
    %pushi/vec4 31, 0, 6;
    %cmp/u;
    %jmp/1 T_0.14, 6;
    %dup/vec4;
    %pushi/vec4 32, 0, 6;
    %cmp/u;
    %jmp/1 T_0.15, 6;
    %dup/vec4;
    %pushi/vec4 33, 0, 6;
    %cmp/u;
    %jmp/1 T_0.16, 6;
    %dup/vec4;
    %pushi/vec4 34, 0, 6;
    %cmp/u;
    %jmp/1 T_0.17, 6;
    %dup/vec4;
    %pushi/vec4 35, 0, 6;
    %cmp/u;
    %jmp/1 T_0.18, 6;
    %dup/vec4;
    %pushi/vec4 36, 0, 6;
    %cmp/u;
    %jmp/1 T_0.19, 6;
    %dup/vec4;
    %pushi/vec4 37, 0, 6;
    %cmp/u;
    %jmp/1 T_0.20, 6;
    %dup/vec4;
    %pushi/vec4 19, 0, 6;
    %cmp/u;
    %jmp/1 T_0.21, 6;
    %dup/vec4;
    %pushi/vec4 20, 0, 6;
    %cmp/u;
    %jmp/1 T_0.22, 6;
    %dup/vec4;
    %pushi/vec4 21, 0, 6;
    %cmp/u;
    %jmp/1 T_0.23, 6;
    %dup/vec4;
    %pushi/vec4 22, 0, 6;
    %cmp/u;
    %jmp/1 T_0.24, 6;
    %dup/vec4;
    %pushi/vec4 23, 0, 6;
    %cmp/u;
    %jmp/1 T_0.25, 6;
    %dup/vec4;
    %pushi/vec4 24, 0, 6;
    %cmp/u;
    %jmp/1 T_0.26, 6;
    %dup/vec4;
    %pushi/vec4 25, 0, 6;
    %cmp/u;
    %jmp/1 T_0.27, 6;
    %dup/vec4;
    %pushi/vec4 26, 0, 6;
    %cmp/u;
    %jmp/1 T_0.28, 6;
    %dup/vec4;
    %pushi/vec4 27, 0, 6;
    %cmp/u;
    %jmp/1 T_0.29, 6;
    %dup/vec4;
    %pushi/vec4 28, 0, 6;
    %cmp/u;
    %jmp/1 T_0.30, 6;
    %jmp T_0.31;
T_0.2 ;
    %load/vec4 v0x561f0e367d50_0;
    %store/vec4 v0x561f0e368480_0, 0, 32;
    %jmp T_0.31;
T_0.3 ;
    %load/vec4 v0x561f0e367ef0_0;
    %load/vec4 v0x561f0e367d50_0;
    %add;
    %store/vec4 v0x561f0e368480_0, 0, 32;
    %jmp T_0.31;
T_0.4 ;
    %load/vec4 v0x561f0e367ef0_0;
    %addi 4, 0, 32;
    %store/vec4 v0x561f0e368480_0, 0, 32;
    %jmp T_0.31;
T_0.5 ;
    %load/vec4 v0x561f0e367ef0_0;
    %addi 4, 0, 32;
    %store/vec4 v0x561f0e368480_0, 0, 32;
    %load/vec4 v0x561f0e368100_0;
    %load/vec4 v0x561f0e367d50_0;
    %add;
    %store/vec4 v0x561f0e3682c0_0, 0, 32;
    %jmp T_0.31;
T_0.6 ;
    %load/vec4 v0x561f0e368100_0;
    %load/vec4 v0x561f0e3681e0_0;
    %cmp/e;
    %flag_mov 8, 4;
    %jmp/0 T_0.32, 8;
    %pushi/vec4 1, 0, 32;
    %jmp/1 T_0.33, 8;
T_0.32 ; End of true expr.
    %pushi/vec4 0, 0, 32;
    %jmp/0 T_0.33, 8;
 ; End of false expr.
    %blend;
T_0.33;
    %store/vec4 v0x561f0e368480_0, 0, 32;
    %load/vec4 v0x561f0e367ef0_0;
    %load/vec4 v0x561f0e367d50_0;
    %add;
    %store/vec4 v0x561f0e3682c0_0, 0, 32;
    %jmp T_0.31;
T_0.7 ;
    %load/vec4 v0x561f0e368100_0;
    %load/vec4 v0x561f0e3681e0_0;
    %cmp/ne;
    %flag_mov 8, 4;
    %jmp/0 T_0.34, 8;
    %pushi/vec4 1, 0, 32;
    %jmp/1 T_0.35, 8;
T_0.34 ; End of true expr.
    %pushi/vec4 0, 0, 32;
    %jmp/0 T_0.35, 8;
 ; End of false expr.
    %blend;
T_0.35;
    %store/vec4 v0x561f0e368480_0, 0, 32;
    %load/vec4 v0x561f0e367ef0_0;
    %load/vec4 v0x561f0e367d50_0;
    %add;
    %store/vec4 v0x561f0e3682c0_0, 0, 32;
    %jmp T_0.31;
T_0.8 ;
    %load/vec4 v0x561f0e368100_0;
    %load/vec4 v0x561f0e3681e0_0;
    %cmp/s;
    %flag_mov 8, 5;
    %jmp/0 T_0.36, 8;
    %pushi/vec4 1, 0, 32;
    %jmp/1 T_0.37, 8;
T_0.36 ; End of true expr.
    %pushi/vec4 0, 0, 32;
    %jmp/0 T_0.37, 8;
 ; End of false expr.
    %blend;
T_0.37;
    %store/vec4 v0x561f0e368480_0, 0, 32;
    %load/vec4 v0x561f0e367ef0_0;
    %load/vec4 v0x561f0e367d50_0;
    %add;
    %store/vec4 v0x561f0e3682c0_0, 0, 32;
    %jmp T_0.31;
T_0.9 ;
    %load/vec4 v0x561f0e3681e0_0;
    %load/vec4 v0x561f0e368100_0;
    %cmp/s;
    %flag_or 5, 4;
    %flag_mov 8, 5;
    %jmp/0 T_0.38, 8;
    %pushi/vec4 1, 0, 32;
    %jmp/1 T_0.39, 8;
T_0.38 ; End of true expr.
    %pushi/vec4 0, 0, 32;
    %jmp/0 T_0.39, 8;
 ; End of false expr.
    %blend;
T_0.39;
    %store/vec4 v0x561f0e368480_0, 0, 32;
    %load/vec4 v0x561f0e367ef0_0;
    %load/vec4 v0x561f0e367d50_0;
    %add;
    %store/vec4 v0x561f0e3682c0_0, 0, 32;
    %jmp T_0.31;
T_0.10 ;
    %load/vec4 v0x561f0e368100_0;
    %load/vec4 v0x561f0e3681e0_0;
    %cmp/u;
    %flag_mov 8, 5;
    %jmp/0 T_0.40, 8;
    %pushi/vec4 1, 0, 32;
    %jmp/1 T_0.41, 8;
T_0.40 ; End of true expr.
    %pushi/vec4 0, 0, 32;
    %jmp/0 T_0.41, 8;
 ; End of false expr.
    %blend;
T_0.41;
    %store/vec4 v0x561f0e368480_0, 0, 32;
    %load/vec4 v0x561f0e367ef0_0;
    %load/vec4 v0x561f0e367d50_0;
    %add;
    %store/vec4 v0x561f0e3682c0_0, 0, 32;
    %jmp T_0.31;
T_0.11 ;
    %load/vec4 v0x561f0e3681e0_0;
    %load/vec4 v0x561f0e368100_0;
    %cmp/u;
    %flag_or 5, 4;
    %flag_mov 8, 5;
    %jmp/0 T_0.42, 8;
    %pushi/vec4 1, 0, 32;
    %jmp/1 T_0.43, 8;
T_0.42 ; End of true expr.
    %pushi/vec4 0, 0, 32;
    %jmp/0 T_0.43, 8;
 ; End of false expr.
    %blend;
T_0.43;
    %store/vec4 v0x561f0e368480_0, 0, 32;
    %load/vec4 v0x561f0e367ef0_0;
    %load/vec4 v0x561f0e367d50_0;
    %add;
    %store/vec4 v0x561f0e3682c0_0, 0, 32;
    %jmp T_0.31;
T_0.12 ;
    %load/vec4 v0x561f0e368100_0;
    %load/vec4 v0x561f0e367d50_0;
    %add;
    %store/vec4 v0x561f0e368480_0, 0, 32;
    %jmp T_0.31;
T_0.13 ;
    %load/vec4 v0x561f0e368100_0;
    %load/vec4 v0x561f0e367d50_0;
    %cmp/s;
    %flag_mov 8, 5;
    %jmp/0 T_0.44, 8;
    %pushi/vec4 1, 0, 32;
    %jmp/1 T_0.45, 8;
T_0.44 ; End of true expr.
    %pushi/vec4 0, 0, 32;
    %jmp/0 T_0.45, 8;
 ; End of false expr.
    %blend;
T_0.45;
    %store/vec4 v0x561f0e368480_0, 0, 32;
    %jmp T_0.31;
T_0.14 ;
    %load/vec4 v0x561f0e368100_0;
    %load/vec4 v0x561f0e367d50_0;
    %cmp/u;
    %flag_mov 8, 5;
    %jmp/0 T_0.46, 8;
    %pushi/vec4 1, 0, 32;
    %jmp/1 T_0.47, 8;
T_0.46 ; End of true expr.
    %pushi/vec4 0, 0, 32;
    %jmp/0 T_0.47, 8;
 ; End of false expr.
    %blend;
T_0.47;
    %store/vec4 v0x561f0e368480_0, 0, 32;
    %jmp T_0.31;
T_0.15 ;
    %load/vec4 v0x561f0e368100_0;
    %load/vec4 v0x561f0e367d50_0;
    %xor;
    %store/vec4 v0x561f0e368480_0, 0, 32;
    %jmp T_0.31;
T_0.16 ;
    %load/vec4 v0x561f0e368100_0;
    %load/vec4 v0x561f0e367d50_0;
    %or;
    %store/vec4 v0x561f0e368480_0, 0, 32;
    %jmp T_0.31;
T_0.17 ;
    %load/vec4 v0x561f0e368100_0;
    %load/vec4 v0x561f0e367d50_0;
    %and;
    %store/vec4 v0x561f0e368480_0, 0, 32;
    %jmp T_0.31;
T_0.18 ;
    %load/vec4 v0x561f0e368100_0;
    %ix/getv 4, v0x561f0e367d50_0;
    %shiftl 4;
    %store/vec4 v0x561f0e368480_0, 0, 32;
    %jmp T_0.31;
T_0.19 ;
    %load/vec4 v0x561f0e368100_0;
    %ix/getv 4, v0x561f0e367d50_0;
    %shiftr 4;
    %store/vec4 v0x561f0e368480_0, 0, 32;
    %jmp T_0.31;
T_0.20 ;
    %load/vec4 v0x561f0e368100_0;
    %ix/getv 4, v0x561f0e367d50_0;
    %shiftr 4;
    %store/vec4 v0x561f0e368480_0, 0, 32;
    %jmp T_0.31;
T_0.21 ;
    %load/vec4 v0x561f0e368100_0;
    %load/vec4 v0x561f0e3681e0_0;
    %add;
    %store/vec4 v0x561f0e368480_0, 0, 32;
    %jmp T_0.31;
T_0.22 ;
    %load/vec4 v0x561f0e368100_0;
    %load/vec4 v0x561f0e3681e0_0;
    %sub;
    %store/vec4 v0x561f0e368480_0, 0, 32;
    %jmp T_0.31;
T_0.23 ;
    %load/vec4 v0x561f0e368100_0;
    %ix/getv 4, v0x561f0e3681e0_0;
    %shiftl 4;
    %store/vec4 v0x561f0e368480_0, 0, 32;
    %jmp T_0.31;
T_0.24 ;
    %load/vec4 v0x561f0e368100_0;
    %load/vec4 v0x561f0e3681e0_0;
    %cmp/s;
    %flag_mov 8, 5;
    %jmp/0 T_0.48, 8;
    %pushi/vec4 1, 0, 32;
    %jmp/1 T_0.49, 8;
T_0.48 ; End of true expr.
    %pushi/vec4 0, 0, 32;
    %jmp/0 T_0.49, 8;
 ; End of false expr.
    %blend;
T_0.49;
    %store/vec4 v0x561f0e368480_0, 0, 32;
    %jmp T_0.31;
T_0.25 ;
    %load/vec4 v0x561f0e368100_0;
    %load/vec4 v0x561f0e3681e0_0;
    %cmp/u;
    %flag_mov 8, 5;
    %jmp/0 T_0.50, 8;
    %pushi/vec4 1, 0, 32;
    %jmp/1 T_0.51, 8;
T_0.50 ; End of true expr.
    %pushi/vec4 0, 0, 32;
    %jmp/0 T_0.51, 8;
 ; End of false expr.
    %blend;
T_0.51;
    %store/vec4 v0x561f0e368480_0, 0, 32;
    %jmp T_0.31;
T_0.26 ;
    %load/vec4 v0x561f0e368100_0;
    %load/vec4 v0x561f0e3681e0_0;
    %xor;
    %store/vec4 v0x561f0e368480_0, 0, 32;
    %jmp T_0.31;
T_0.27 ;
    %load/vec4 v0x561f0e368100_0;
    %ix/getv 4, v0x561f0e3681e0_0;
    %shiftr 4;
    %store/vec4 v0x561f0e368480_0, 0, 32;
    %jmp T_0.31;
T_0.28 ;
    %load/vec4 v0x561f0e368100_0;
    %ix/getv 4, v0x561f0e3681e0_0;
    %shiftr 4;
    %store/vec4 v0x561f0e368480_0, 0, 32;
    %jmp T_0.31;
T_0.29 ;
    %load/vec4 v0x561f0e368100_0;
    %load/vec4 v0x561f0e3681e0_0;
    %or;
    %store/vec4 v0x561f0e368480_0, 0, 32;
    %jmp T_0.31;
T_0.30 ;
    %load/vec4 v0x561f0e368100_0;
    %load/vec4 v0x561f0e3681e0_0;
    %and;
    %store/vec4 v0x561f0e368480_0, 0, 32;
    %jmp T_0.31;
T_0.31 ;
    %pop/vec4 1;
T_0.0 ;
    %jmp T_0;
    .thread T_0, $push;
# The file index is used to find the file name in the following table.
:file_names 3;
    "N/A";
    "<interactive>";
    "alu.v";
