#! /usr/bin/vvp
:ivl_version "10.3 (stable)";
:ivl_delay_selection "TYPICAL";
:vpi_time_precision - 12;
:vpi_module "system";
:vpi_module "vhdl_sys";
:vpi_module "v2005_math";
:vpi_module "va_math";
S_0x56319464a3d0 .scope module, "decoder" "decoder" 2 5;
 .timescale -9 -12;
    .port_info 0 /INPUT 1 "clk"
    .port_info 1 /INPUT 1 "rst"
    .port_info 2 /INPUT 1 "rdy"
    .port_info 3 /INPUT 32 "in_fetcher_inst"
    .port_info 4 /INPUT 32 "in_fetcher_pc"
    .port_info 5 /INPUT 1 "in_fetcher_jump_flag"
    .port_info 6 /OUTPUT 5 "out_reg_tag1"
    .port_info 7 /INPUT 32 "in_reg_value1"
    .port_info 8 /INPUT 4 "in_reg_robtag1"
    .port_info 9 /INPUT 1 "in_reg_busy1"
    .port_info 10 /OUTPUT 5 "out_reg_tag2"
    .port_info 11 /INPUT 32 "in_reg_value2"
    .port_info 12 /INPUT 4 "in_reg_robtag2"
    .port_info 13 /INPUT 1 "in_reg_busy2"
    .port_info 14 /OUTPUT 5 "out_reg_dest"
    .port_info 15 /OUTPUT 4 "out_reg_rob_tag"
    .port_info 16 /INPUT 4 "in_rob_freetag"
    .port_info 17 /OUTPUT 4 "out_rob_fetch_tag1"
    .port_info 18 /INPUT 32 "in_rob_fetch_value1"
    .port_info 19 /INPUT 1 "in_rob_fetch_ready1"
    .port_info 20 /OUTPUT 4 "out_rob_fetch_tag2"
    .port_info 21 /INPUT 32 "in_rob_fetch_value2"
    .port_info 22 /INPUT 1 "in_rob_fetch_ready2"
    .port_info 23 /OUTPUT 32 "out_rob_dest"
    .port_info 24 /OUTPUT 6 "out_rob_op"
    .port_info 25 /OUTPUT 1 "out_rob_jump_flag"
    .port_info 26 /OUTPUT 4 "out_rs_rob_tag"
    .port_info 27 /OUTPUT 6 "out_rs_op"
    .port_info 28 /OUTPUT 32 "out_rs_value1"
    .port_info 29 /OUTPUT 32 "out_rs_value2"
    .port_info 30 /OUTPUT 4 "out_rs_tag1"
    .port_info 31 /OUTPUT 4 "out_rs_tag2"
    .port_info 32 /OUTPUT 32 "out_rs_imm"
    .port_info 33 /OUTPUT 32 "out_pc"
    .port_info 34 /OUTPUT 4 "out_lsb_rob_tag"
    .port_info 35 /OUTPUT 6 "out_lsb_op"
    .port_info 36 /OUTPUT 32 "out_lsb_value1"
    .port_info 37 /OUTPUT 32 "out_lsb_value2"
    .port_info 38 /OUTPUT 4 "out_lsb_tag1"
    .port_info 39 /OUTPUT 4 "out_lsb_tag2"
    .port_info 40 /OUTPUT 32 "out_lsb_imm"
P_0x5631946190a0 .param/l "AI_TYPE" 0 2 68, C4<0010011>;
P_0x5631946190e0 .param/l "AUIPC" 0 2 67, C4<0010111>;
P_0x563194619120 .param/l "B_TYPE" 0 2 68, C4<1100011>;
P_0x563194619160 .param/l "JAL" 0 2 67, C4<1101111>;
P_0x5631946191a0 .param/l "JALR" 0 2 67, C4<1100111>;
P_0x5631946191e0 .param/l "LI_TYPE" 0 2 68, C4<0000011>;
P_0x563194619220 .param/l "LUI" 0 2 67, C4<0110111>;
P_0x563194619260 .param/l "R_TYPE" 0 2 68, C4<0110011>;
P_0x5631946192a0 .param/l "S_TYPE" 0 2 68, C4<0100011>;
o0x7f7217a95678 .functor BUFZ 4, C4<zzzz>; HiZ drive
L_0x563194658260 .functor BUFZ 4, o0x7f7217a95678, C4<0000>, C4<0000>, C4<0000>;
o0x7f7217a956a8 .functor BUFZ 4, C4<zzzz>; HiZ drive
L_0x563194658380 .functor BUFZ 4, o0x7f7217a956a8, C4<0000>, C4<0000>, C4<0000>;
o0x7f7217a957f8 .functor BUFZ 4, C4<zzzz>; HiZ drive
L_0x5631946585c0 .functor BUFZ 4, o0x7f7217a957f8, C4<0000>, C4<0000>, C4<0000>;
o0x7f7217a955e8 .functor BUFZ 32, C4<zzzzzzzzzzzzzzzzzzzzzzzzzzzzzzzz>; HiZ drive
L_0x563194658020 .functor BUFZ 32, o0x7f7217a955e8, C4<00000000000000000000000000000000>, C4<00000000000000000000000000000000>, C4<00000000000000000000000000000000>;
o0x7f7217a955b8 .functor BUFZ 1, C4<z>; HiZ drive
L_0x563194658920 .functor BUFZ 1, o0x7f7217a955b8, C4<0>, C4<0>, C4<0>;
o0x7f7217a95618 .functor BUFZ 1, C4<z>; HiZ drive
L_0x7f7217a4c018 .functor BUFT 1, C4<0>, C4<0>, C4<0>, C4<0>;
L_0x5631946586e0 .functor XNOR 1, o0x7f7217a95618, L_0x7f7217a4c018, C4<0>, C4<0>;
o0x7f7217a95738 .functor BUFZ 1, C4<z>; HiZ drive
L_0x7f7217a4c060 .functor BUFT 1, C4<1>, C4<0>, C4<0>, C4<0>;
L_0x563194681d50 .functor XNOR 1, o0x7f7217a95738, L_0x7f7217a4c060, C4<0>, C4<0>;
L_0x7f7217a4c0f0 .functor BUFT 1, C4<0>, C4<0>, C4<0>, C4<0>;
L_0x5631946b9cc0 .functor XNOR 1, o0x7f7217a95618, L_0x7f7217a4c0f0, C4<0>, C4<0>;
L_0x7f7217a4c180 .functor BUFT 1, C4<1>, C4<0>, C4<0>, C4<0>;
L_0x5631946b9ea0 .functor XNOR 1, o0x7f7217a95738, L_0x7f7217a4c180, C4<0>, C4<0>;
o0x7f7217a95648 .functor BUFZ 1, C4<z>; HiZ drive
L_0x7f7217a4c210 .functor BUFT 1, C4<0>, C4<0>, C4<0>, C4<0>;
L_0x5631946ba2e0 .functor XNOR 1, o0x7f7217a95648, L_0x7f7217a4c210, C4<0>, C4<0>;
o0x7f7217a95768 .functor BUFZ 1, C4<z>; HiZ drive
L_0x7f7217a4c258 .functor BUFT 1, C4<1>, C4<0>, C4<0>, C4<0>;
L_0x5631946ba400 .functor XNOR 1, o0x7f7217a95768, L_0x7f7217a4c258, C4<0>, C4<0>;
L_0x7f7217a4c2e8 .functor BUFT 1, C4<0>, C4<0>, C4<0>, C4<0>;
L_0x5631946ba740 .functor XNOR 1, o0x7f7217a95648, L_0x7f7217a4c2e8, C4<0>, C4<0>;
L_0x7f7217a4c378 .functor BUFT 1, C4<1>, C4<0>, C4<0>, C4<0>;
L_0x5631946ba8f0 .functor XNOR 1, o0x7f7217a95768, L_0x7f7217a4c378, C4<0>, C4<0>;
v0x563194685400_0 .net/2u *"_s22", 0 0, L_0x7f7217a4c018;  1 drivers
v0x5631946a4660_0 .net *"_s24", 0 0, L_0x5631946586e0;  1 drivers
v0x5631946a4720_0 .net/2u *"_s26", 0 0, L_0x7f7217a4c060;  1 drivers
v0x5631946a47e0_0 .net *"_s28", 0 0, L_0x563194681d50;  1 drivers
L_0x7f7217a4c0a8 .functor BUFT 1, C4<00000000000000000000000000000000>, C4<0>, C4<0>, C4<0>;
v0x5631946a48a0_0 .net/2u *"_s30", 31 0, L_0x7f7217a4c0a8;  1 drivers
v0x5631946a49d0_0 .net *"_s32", 31 0, L_0x5631946b99c0;  1 drivers
v0x5631946a4ab0_0 .net/2u *"_s36", 0 0, L_0x7f7217a4c0f0;  1 drivers
v0x5631946a4b90_0 .net *"_s38", 0 0, L_0x5631946b9cc0;  1 drivers
L_0x7f7217a4c138 .functor BUFT 1, C4<0000>, C4<0>, C4<0>, C4<0>;
v0x5631946a4c50_0 .net/2u *"_s40", 3 0, L_0x7f7217a4c138;  1 drivers
v0x5631946a4d30_0 .net/2u *"_s42", 0 0, L_0x7f7217a4c180;  1 drivers
v0x5631946a4e10_0 .net *"_s44", 0 0, L_0x5631946b9ea0;  1 drivers
L_0x7f7217a4c1c8 .functor BUFT 1, C4<0000>, C4<0>, C4<0>, C4<0>;
v0x5631946a4ed0_0 .net/2u *"_s46", 3 0, L_0x7f7217a4c1c8;  1 drivers
v0x5631946a4fb0_0 .net *"_s48", 3 0, L_0x5631946b9fb0;  1 drivers
v0x5631946a5090_0 .net/2u *"_s52", 0 0, L_0x7f7217a4c210;  1 drivers
v0x5631946a5170_0 .net *"_s54", 0 0, L_0x5631946ba2e0;  1 drivers
v0x5631946a5230_0 .net/2u *"_s56", 0 0, L_0x7f7217a4c258;  1 drivers
v0x5631946a5310_0 .net *"_s58", 0 0, L_0x5631946ba400;  1 drivers
L_0x7f7217a4c2a0 .functor BUFT 1, C4<00000000000000000000000000000000>, C4<0>, C4<0>, C4<0>;
v0x5631946a53d0_0 .net/2u *"_s60", 31 0, L_0x7f7217a4c2a0;  1 drivers
v0x5631946a54b0_0 .net *"_s62", 31 0, L_0x5631946ba470;  1 drivers
v0x5631946a5590_0 .net/2u *"_s66", 0 0, L_0x7f7217a4c2e8;  1 drivers
v0x5631946a5670_0 .net *"_s68", 0 0, L_0x5631946ba740;  1 drivers
L_0x7f7217a4c330 .functor BUFT 1, C4<0000>, C4<0>, C4<0>, C4<0>;
v0x5631946a5730_0 .net/2u *"_s70", 3 0, L_0x7f7217a4c330;  1 drivers
v0x5631946a5810_0 .net/2u *"_s72", 0 0, L_0x7f7217a4c378;  1 drivers
v0x5631946a58f0_0 .net *"_s74", 0 0, L_0x5631946ba8f0;  1 drivers
L_0x7f7217a4c3c0 .functor BUFT 1, C4<0000>, C4<0>, C4<0>, C4<0>;
v0x5631946a59b0_0 .net/2u *"_s76", 3 0, L_0x7f7217a4c3c0;  1 drivers
v0x5631946a5a90_0 .net *"_s78", 3 0, L_0x5631946baa30;  1 drivers
o0x7f7217a954f8 .functor BUFZ 1, C4<z>; HiZ drive
v0x5631946a5b70_0 .net "clk", 0 0, o0x7f7217a954f8;  0 drivers
v0x5631946a5c30_0 .net "funct3", 2 0, L_0x5631946a9260;  1 drivers
v0x5631946a5d10_0 .net "funct7", 6 0, L_0x5631946a9300;  1 drivers
o0x7f7217a95588 .functor BUFZ 32, C4<zzzzzzzzzzzzzzzzzzzzzzzzzzzzzzzz>; HiZ drive
v0x5631946a5df0_0 .net "in_fetcher_inst", 31 0, o0x7f7217a95588;  0 drivers
v0x5631946a5ed0_0 .net "in_fetcher_jump_flag", 0 0, o0x7f7217a955b8;  0 drivers
v0x5631946a5f90_0 .net "in_fetcher_pc", 31 0, o0x7f7217a955e8;  0 drivers
v0x5631946a6070_0 .net "in_reg_busy1", 0 0, o0x7f7217a95618;  0 drivers
v0x5631946a6340_0 .net "in_reg_busy2", 0 0, o0x7f7217a95648;  0 drivers
v0x5631946a6400_0 .net "in_reg_robtag1", 3 0, o0x7f7217a95678;  0 drivers
v0x5631946a64e0_0 .net "in_reg_robtag2", 3 0, o0x7f7217a956a8;  0 drivers
o0x7f7217a956d8 .functor BUFZ 32, C4<zzzzzzzzzzzzzzzzzzzzzzzzzzzzzzzz>; HiZ drive
v0x5631946a65c0_0 .net "in_reg_value1", 31 0, o0x7f7217a956d8;  0 drivers
o0x7f7217a95708 .functor BUFZ 32, C4<zzzzzzzzzzzzzzzzzzzzzzzzzzzzzzzz>; HiZ drive
v0x5631946a66a0_0 .net "in_reg_value2", 31 0, o0x7f7217a95708;  0 drivers
v0x5631946a6780_0 .net "in_rob_fetch_ready1", 0 0, o0x7f7217a95738;  0 drivers
v0x5631946a6840_0 .net "in_rob_fetch_ready2", 0 0, o0x7f7217a95768;  0 drivers
o0x7f7217a95798 .functor BUFZ 32, C4<zzzzzzzzzzzzzzzzzzzzzzzzzzzzzzzz>; HiZ drive
v0x5631946a6900_0 .net "in_rob_fetch_value1", 31 0, o0x7f7217a95798;  0 drivers
o0x7f7217a957c8 .functor BUFZ 32, C4<zzzzzzzzzzzzzzzzzzzzzzzzzzzzzzzz>; HiZ drive
v0x5631946a69e0_0 .net "in_rob_fetch_value2", 31 0, o0x7f7217a957c8;  0 drivers
v0x5631946a6ac0_0 .net "in_rob_freetag", 3 0, o0x7f7217a957f8;  0 drivers
v0x5631946a6ba0_0 .net "opcode", 6 0, L_0x5631946a91c0;  1 drivers
v0x5631946a6c80_0 .var "out_lsb_imm", 31 0;
v0x5631946a6d60_0 .var "out_lsb_op", 5 0;
v0x5631946a6e40_0 .var "out_lsb_rob_tag", 3 0;
v0x5631946a6f20_0 .var "out_lsb_tag1", 3 0;
v0x5631946a7000_0 .var "out_lsb_tag2", 3 0;
v0x5631946a70e0_0 .var "out_lsb_value1", 31 0;
v0x5631946a71c0_0 .var "out_lsb_value2", 31 0;
v0x5631946a72a0_0 .net "out_pc", 31 0, L_0x563194658020;  1 drivers
v0x5631946a7380_0 .var "out_reg_dest", 4 0;
v0x5631946a7460_0 .net "out_reg_rob_tag", 3 0, L_0x5631946585c0;  1 drivers
v0x5631946a7540_0 .net "out_reg_tag1", 4 0, L_0x5631946a9470;  1 drivers
v0x5631946a7620_0 .net "out_reg_tag2", 4 0, L_0x5631946a9510;  1 drivers
v0x5631946a7700_0 .var "out_rob_dest", 31 0;
v0x5631946a77e0_0 .net "out_rob_fetch_tag1", 3 0, L_0x563194658260;  1 drivers
v0x5631946a78c0_0 .net "out_rob_fetch_tag2", 3 0, L_0x563194658380;  1 drivers
v0x5631946a79a0_0 .net "out_rob_jump_flag", 0 0, L_0x563194658920;  1 drivers
v0x5631946a7a60_0 .var "out_rob_op", 5 0;
v0x5631946a7b40_0 .var "out_rs_imm", 31 0;
v0x5631946a7c20_0 .var "out_rs_op", 5 0;
v0x5631946a7d00_0 .var "out_rs_rob_tag", 3 0;
v0x5631946a7de0_0 .var "out_rs_tag1", 3 0;
v0x5631946a82d0_0 .var "out_rs_tag2", 3 0;
v0x5631946a83b0_0 .var "out_rs_value1", 31 0;
v0x5631946a8490_0 .var "out_rs_value2", 31 0;
v0x5631946a8570_0 .net "rd", 4 0, L_0x5631946a93a0;  1 drivers
o0x7f7217a95d08 .functor BUFZ 1, C4<z>; HiZ drive
v0x5631946a8650_0 .net "rdy", 0 0, o0x7f7217a95d08;  0 drivers
o0x7f7217a95d38 .functor BUFZ 1, C4<z>; HiZ drive
v0x5631946a8710_0 .net "rst", 0 0, o0x7f7217a95d38;  0 drivers
v0x5631946a87d0_0 .net "tag1", 3 0, L_0x5631946ba140;  1 drivers
v0x5631946a88b0_0 .net "tag2", 3 0, L_0x5631946babc0;  1 drivers
v0x5631946a8990_0 .net "value1", 31 0, L_0x5631946b9b30;  1 drivers
v0x5631946a8a70_0 .net "value2", 31 0, L_0x5631946ba590;  1 drivers
E_0x563194619900/0 .event edge, v0x5631946a8710_0, v0x5631946a8650_0, v0x5631946a6ba0_0, v0x5631946a8570_0;
E_0x563194619900/1 .event edge, v0x5631946a6ac0_0, v0x5631946a5df0_0, v0x5631946a8990_0, v0x5631946a87d0_0;
E_0x563194619900/2 .event edge, v0x5631946a8a70_0, v0x5631946a88b0_0, v0x5631946a5c30_0, v0x5631946a5d10_0;
E_0x563194619900 .event/or E_0x563194619900/0, E_0x563194619900/1, E_0x563194619900/2;
L_0x5631946a91c0 .part o0x7f7217a95588, 0, 7;
L_0x5631946a9260 .part o0x7f7217a95588, 12, 3;
L_0x5631946a9300 .part o0x7f7217a95588, 25, 7;
L_0x5631946a93a0 .part o0x7f7217a95588, 7, 5;
L_0x5631946a9470 .part o0x7f7217a95588, 15, 5;
L_0x5631946a9510 .part o0x7f7217a95588, 20, 5;
L_0x5631946b99c0 .functor MUXZ 32, L_0x7f7217a4c0a8, o0x7f7217a95798, L_0x563194681d50, C4<>;
L_0x5631946b9b30 .functor MUXZ 32, L_0x5631946b99c0, o0x7f7217a956d8, L_0x5631946586e0, C4<>;
L_0x5631946b9fb0 .functor MUXZ 4, o0x7f7217a95678, L_0x7f7217a4c1c8, L_0x5631946b9ea0, C4<>;
L_0x5631946ba140 .functor MUXZ 4, L_0x5631946b9fb0, L_0x7f7217a4c138, L_0x5631946b9cc0, C4<>;
L_0x5631946ba470 .functor MUXZ 32, L_0x7f7217a4c2a0, o0x7f7217a957c8, L_0x5631946ba400, C4<>;
L_0x5631946ba590 .functor MUXZ 32, L_0x5631946ba470, o0x7f7217a95708, L_0x5631946ba2e0, C4<>;
L_0x5631946baa30 .functor MUXZ 4, o0x7f7217a956a8, L_0x7f7217a4c3c0, L_0x5631946ba8f0, C4<>;
L_0x5631946babc0 .functor MUXZ 4, L_0x5631946baa30, L_0x7f7217a4c330, L_0x5631946ba740, C4<>;
    .scope S_0x56319464a3d0;
T_0 ;
    %wait E_0x563194619900;
    %pushi/vec4 0, 0, 32;
    %store/vec4 v0x5631946a7700_0, 0, 32;
    %pushi/vec4 0, 0, 6;
    %store/vec4 v0x5631946a7a60_0, 0, 6;
    %pushi/vec4 0, 0, 4;
    %store/vec4 v0x5631946a7d00_0, 0, 4;
    %pushi/vec4 0, 0, 6;
    %store/vec4 v0x5631946a7c20_0, 0, 6;
    %pushi/vec4 0, 0, 32;
    %store/vec4 v0x5631946a7b40_0, 0, 32;
    %pushi/vec4 0, 0, 6;
    %store/vec4 v0x5631946a6d60_0, 0, 6;
    %pushi/vec4 0, 0, 32;
    %store/vec4 v0x5631946a6c80_0, 0, 32;
    %pushi/vec4 0, 0, 4;
    %store/vec4 v0x5631946a6e40_0, 0, 4;
    %pushi/vec4 0, 0, 5;
    %store/vec4 v0x5631946a7380_0, 0, 5;
    %pushi/vec4 0, 0, 32;
    %store/vec4 v0x5631946a83b0_0, 0, 32;
    %pushi/vec4 0, 0, 4;
    %store/vec4 v0x5631946a7de0_0, 0, 4;
    %pushi/vec4 0, 0, 32;
    %store/vec4 v0x5631946a8490_0, 0, 32;
    %pushi/vec4 0, 0, 4;
    %store/vec4 v0x5631946a82d0_0, 0, 4;
    %pushi/vec4 0, 0, 32;
    %store/vec4 v0x5631946a70e0_0, 0, 32;
    %pushi/vec4 0, 0, 4;
    %store/vec4 v0x5631946a6f20_0, 0, 4;
    %pushi/vec4 0, 0, 32;
    %store/vec4 v0x5631946a71c0_0, 0, 32;
    %pushi/vec4 0, 0, 4;
    %store/vec4 v0x5631946a7000_0, 0, 4;
    %load/vec4 v0x5631946a8710_0;
    %pushi/vec4 0, 0, 1;
    %cmp/e;
    %flag_get/vec4 4;
    %load/vec4 v0x5631946a8650_0;
    %pushi/vec4 1, 0, 1;
    %cmp/e;
    %flag_get/vec4 4;
    %and;
    %flag_set/vec4 8;
    %jmp/0xz  T_0.0, 8;
    %load/vec4 v0x5631946a6ba0_0;
    %dup/vec4;
    %pushi/vec4 55, 0, 7;
    %cmp/u;
    %jmp/1 T_0.2, 6;
    %dup/vec4;
    %pushi/vec4 23, 0, 7;
    %cmp/u;
    %jmp/1 T_0.3, 6;
    %dup/vec4;
    %pushi/vec4 111, 0, 7;
    %cmp/u;
    %jmp/1 T_0.4, 6;
    %dup/vec4;
    %pushi/vec4 103, 0, 7;
    %cmp/u;
    %jmp/1 T_0.5, 6;
    %dup/vec4;
    %pushi/vec4 99, 0, 7;
    %cmp/u;
    %jmp/1 T_0.6, 6;
    %dup/vec4;
    %pushi/vec4 3, 0, 7;
    %cmp/u;
    %jmp/1 T_0.7, 6;
    %dup/vec4;
    %pushi/vec4 35, 0, 7;
    %cmp/u;
    %jmp/1 T_0.8, 6;
    %dup/vec4;
    %pushi/vec4 19, 0, 7;
    %cmp/u;
    %jmp/1 T_0.9, 6;
    %dup/vec4;
    %pushi/vec4 51, 0, 7;
    %cmp/u;
    %jmp/1 T_0.10, 6;
    %jmp T_0.11;
T_0.2 ;
    %pushi/vec4 1, 0, 6;
    %store/vec4 v0x5631946a7a60_0, 0, 6;
    %pushi/vec4 0, 0, 27;
    %load/vec4 v0x5631946a8570_0;
    %concat/vec4; draw_concat_vec4
    %store/vec4 v0x5631946a7700_0, 0, 32;
    %load/vec4 v0x5631946a6ac0_0;
    %store/vec4 v0x5631946a7d00_0, 0, 4;
    %pushi/vec4 1, 0, 6;
    %store/vec4 v0x5631946a7c20_0, 0, 6;
    %load/vec4 v0x5631946a5df0_0;
    %parti/s 20, 12, 5;
    %concati/vec4 0, 0, 12;
    %store/vec4 v0x5631946a7b40_0, 0, 32;
    %load/vec4 v0x5631946a8570_0;
    %store/vec4 v0x5631946a7380_0, 0, 5;
    %jmp T_0.11;
T_0.3 ;
    %pushi/vec4 2, 0, 6;
    %store/vec4 v0x5631946a7a60_0, 0, 6;
    %pushi/vec4 0, 0, 27;
    %load/vec4 v0x5631946a8570_0;
    %concat/vec4; draw_concat_vec4
    %store/vec4 v0x5631946a7700_0, 0, 32;
    %load/vec4 v0x5631946a6ac0_0;
    %store/vec4 v0x5631946a7d00_0, 0, 4;
    %pushi/vec4 2, 0, 6;
    %store/vec4 v0x5631946a7c20_0, 0, 6;
    %load/vec4 v0x5631946a5df0_0;
    %parti/s 20, 12, 5;
    %concati/vec4 0, 0, 12;
    %store/vec4 v0x5631946a7b40_0, 0, 32;
    %load/vec4 v0x5631946a8570_0;
    %store/vec4 v0x5631946a7380_0, 0, 5;
    %jmp T_0.11;
T_0.4 ;
    %pushi/vec4 3, 0, 6;
    %store/vec4 v0x5631946a7a60_0, 0, 6;
    %pushi/vec4 0, 0, 27;
    %load/vec4 v0x5631946a8570_0;
    %concat/vec4; draw_concat_vec4
    %store/vec4 v0x5631946a7700_0, 0, 32;
    %load/vec4 v0x5631946a6ac0_0;
    %store/vec4 v0x5631946a7d00_0, 0, 4;
    %pushi/vec4 3, 0, 6;
    %store/vec4 v0x5631946a7c20_0, 0, 6;
    %load/vec4 v0x5631946a8570_0;
    %store/vec4 v0x5631946a7380_0, 0, 5;
    %jmp T_0.11;
T_0.5 ;
    %pushi/vec4 4, 0, 6;
    %store/vec4 v0x5631946a7a60_0, 0, 6;
    %pushi/vec4 0, 0, 27;
    %load/vec4 v0x5631946a8570_0;
    %concat/vec4; draw_concat_vec4
    %store/vec4 v0x5631946a7700_0, 0, 32;
    %load/vec4 v0x5631946a6ac0_0;
    %store/vec4 v0x5631946a7d00_0, 0, 4;
    %pushi/vec4 4, 0, 6;
    %store/vec4 v0x5631946a7c20_0, 0, 6;
    %load/vec4 v0x5631946a8990_0;
    %store/vec4 v0x5631946a83b0_0, 0, 32;
    %load/vec4 v0x5631946a87d0_0;
    %store/vec4 v0x5631946a7de0_0, 0, 4;
    %load/vec4 v0x5631946a5df0_0;
    %parti/s 1, 31, 6;
    %replicate 21;
    %load/vec4 v0x5631946a5df0_0;
    %parti/s 11, 20, 6;
    %concat/vec4; draw_concat_vec4
    %store/vec4 v0x5631946a7b40_0, 0, 32;
    %load/vec4 v0x5631946a8570_0;
    %store/vec4 v0x5631946a7380_0, 0, 5;
    %jmp T_0.11;
T_0.6 ;
    %load/vec4 v0x5631946a6ac0_0;
    %store/vec4 v0x5631946a7d00_0, 0, 4;
    %load/vec4 v0x5631946a8990_0;
    %store/vec4 v0x5631946a83b0_0, 0, 32;
    %load/vec4 v0x5631946a87d0_0;
    %store/vec4 v0x5631946a7de0_0, 0, 4;
    %load/vec4 v0x5631946a8a70_0;
    %store/vec4 v0x5631946a8490_0, 0, 32;
    %load/vec4 v0x5631946a88b0_0;
    %store/vec4 v0x5631946a82d0_0, 0, 4;
    %load/vec4 v0x5631946a5df0_0;
    %parti/s 1, 31, 6;
    %replicate 20;
    %load/vec4 v0x5631946a5df0_0;
    %parti/s 1, 7, 4;
    %concat/vec4; draw_concat_vec4
    %load/vec4 v0x5631946a5df0_0;
    %parti/s 6, 25, 6;
    %concat/vec4; draw_concat_vec4
    %load/vec4 v0x5631946a5df0_0;
    %parti/s 4, 8, 5;
    %concat/vec4; draw_concat_vec4
    %concati/vec4 0, 0, 1;
    %store/vec4 v0x5631946a7b40_0, 0, 32;
    %load/vec4 v0x5631946a5c30_0;
    %dup/vec4;
    %pushi/vec4 0, 0, 3;
    %cmp/u;
    %jmp/1 T_0.12, 6;
    %dup/vec4;
    %pushi/vec4 1, 0, 3;
    %cmp/u;
    %jmp/1 T_0.13, 6;
    %dup/vec4;
    %pushi/vec4 4, 0, 3;
    %cmp/u;
    %jmp/1 T_0.14, 6;
    %dup/vec4;
    %pushi/vec4 5, 0, 3;
    %cmp/u;
    %jmp/1 T_0.15, 6;
    %dup/vec4;
    %pushi/vec4 6, 0, 3;
    %cmp/u;
    %jmp/1 T_0.16, 6;
    %dup/vec4;
    %pushi/vec4 7, 0, 3;
    %cmp/u;
    %jmp/1 T_0.17, 6;
    %jmp T_0.18;
T_0.12 ;
    %pushi/vec4 5, 0, 6;
    %store/vec4 v0x5631946a7c20_0, 0, 6;
    %pushi/vec4 5, 0, 6;
    %store/vec4 v0x5631946a7a60_0, 0, 6;
    %jmp T_0.18;
T_0.13 ;
    %pushi/vec4 6, 0, 6;
    %store/vec4 v0x5631946a7c20_0, 0, 6;
    %pushi/vec4 6, 0, 6;
    %store/vec4 v0x5631946a7a60_0, 0, 6;
    %jmp T_0.18;
T_0.14 ;
    %pushi/vec4 7, 0, 6;
    %store/vec4 v0x5631946a7c20_0, 0, 6;
    %pushi/vec4 7, 0, 6;
    %store/vec4 v0x5631946a7a60_0, 0, 6;
    %jmp T_0.18;
T_0.15 ;
    %pushi/vec4 8, 0, 6;
    %store/vec4 v0x5631946a7c20_0, 0, 6;
    %pushi/vec4 8, 0, 6;
    %store/vec4 v0x5631946a7a60_0, 0, 6;
    %jmp T_0.18;
T_0.16 ;
    %pushi/vec4 9, 0, 6;
    %store/vec4 v0x5631946a7c20_0, 0, 6;
    %pushi/vec4 9, 0, 6;
    %store/vec4 v0x5631946a7a60_0, 0, 6;
    %jmp T_0.18;
T_0.17 ;
    %pushi/vec4 10, 0, 6;
    %store/vec4 v0x5631946a7c20_0, 0, 6;
    %pushi/vec4 10, 0, 6;
    %store/vec4 v0x5631946a7a60_0, 0, 6;
    %jmp T_0.18;
T_0.18 ;
    %pop/vec4 1;
    %jmp T_0.11;
T_0.7 ;
    %pushi/vec4 0, 0, 27;
    %load/vec4 v0x5631946a8570_0;
    %concat/vec4; draw_concat_vec4
    %store/vec4 v0x5631946a7700_0, 0, 32;
    %load/vec4 v0x5631946a6ac0_0;
    %store/vec4 v0x5631946a6e40_0, 0, 4;
    %load/vec4 v0x5631946a8990_0;
    %store/vec4 v0x5631946a70e0_0, 0, 32;
    %load/vec4 v0x5631946a87d0_0;
    %store/vec4 v0x5631946a6f20_0, 0, 4;
    %load/vec4 v0x5631946a5df0_0;
    %parti/s 1, 31, 6;
    %replicate 21;
    %load/vec4 v0x5631946a5df0_0;
    %parti/s 11, 20, 6;
    %concat/vec4; draw_concat_vec4
    %store/vec4 v0x5631946a6c80_0, 0, 32;
    %load/vec4 v0x5631946a8570_0;
    %store/vec4 v0x5631946a7380_0, 0, 5;
    %load/vec4 v0x5631946a5c30_0;
    %dup/vec4;
    %pushi/vec4 0, 0, 3;
    %cmp/u;
    %jmp/1 T_0.19, 6;
    %dup/vec4;
    %pushi/vec4 1, 0, 3;
    %cmp/u;
    %jmp/1 T_0.20, 6;
    %dup/vec4;
    %pushi/vec4 2, 0, 3;
    %cmp/u;
    %jmp/1 T_0.21, 6;
    %dup/vec4;
    %pushi/vec4 4, 0, 3;
    %cmp/u;
    %jmp/1 T_0.22, 6;
    %dup/vec4;
    %pushi/vec4 5, 0, 3;
    %cmp/u;
    %jmp/1 T_0.23, 6;
    %jmp T_0.24;
T_0.19 ;
    %pushi/vec4 11, 0, 6;
    %store/vec4 v0x5631946a6d60_0, 0, 6;
    %pushi/vec4 11, 0, 6;
    %store/vec4 v0x5631946a7a60_0, 0, 6;
    %jmp T_0.24;
T_0.20 ;
    %pushi/vec4 12, 0, 6;
    %store/vec4 v0x5631946a6d60_0, 0, 6;
    %pushi/vec4 12, 0, 6;
    %store/vec4 v0x5631946a7a60_0, 0, 6;
    %jmp T_0.24;
T_0.21 ;
    %pushi/vec4 13, 0, 6;
    %store/vec4 v0x5631946a6d60_0, 0, 6;
    %pushi/vec4 13, 0, 6;
    %store/vec4 v0x5631946a7a60_0, 0, 6;
    %jmp T_0.24;
T_0.22 ;
    %pushi/vec4 14, 0, 6;
    %store/vec4 v0x5631946a6d60_0, 0, 6;
    %pushi/vec4 14, 0, 6;
    %store/vec4 v0x5631946a7a60_0, 0, 6;
    %jmp T_0.24;
T_0.23 ;
    %pushi/vec4 15, 0, 6;
    %store/vec4 v0x5631946a6d60_0, 0, 6;
    %pushi/vec4 15, 0, 6;
    %store/vec4 v0x5631946a7a60_0, 0, 6;
    %jmp T_0.24;
T_0.24 ;
    %pop/vec4 1;
    %jmp T_0.11;
T_0.8 ;
    %load/vec4 v0x5631946a6ac0_0;
    %store/vec4 v0x5631946a6e40_0, 0, 4;
    %load/vec4 v0x5631946a8990_0;
    %store/vec4 v0x5631946a70e0_0, 0, 32;
    %load/vec4 v0x5631946a87d0_0;
    %store/vec4 v0x5631946a6f20_0, 0, 4;
    %load/vec4 v0x5631946a8a70_0;
    %store/vec4 v0x5631946a71c0_0, 0, 32;
    %load/vec4 v0x5631946a88b0_0;
    %store/vec4 v0x5631946a7000_0, 0, 4;
    %load/vec4 v0x5631946a5df0_0;
    %parti/s 1, 31, 6;
    %replicate 21;
    %load/vec4 v0x5631946a5df0_0;
    %parti/s 6, 25, 6;
    %concat/vec4; draw_concat_vec4
    %load/vec4 v0x5631946a5df0_0;
    %parti/s 5, 7, 4;
    %concat/vec4; draw_concat_vec4
    %store/vec4 v0x5631946a6c80_0, 0, 32;
    %load/vec4 v0x5631946a5c30_0;
    %dup/vec4;
    %pushi/vec4 0, 0, 3;
    %cmp/u;
    %jmp/1 T_0.25, 6;
    %dup/vec4;
    %pushi/vec4 1, 0, 3;
    %cmp/u;
    %jmp/1 T_0.26, 6;
    %dup/vec4;
    %pushi/vec4 2, 0, 3;
    %cmp/u;
    %jmp/1 T_0.27, 6;
    %jmp T_0.28;
T_0.25 ;
    %pushi/vec4 16, 0, 6;
    %store/vec4 v0x5631946a6d60_0, 0, 6;
    %pushi/vec4 16, 0, 6;
    %store/vec4 v0x5631946a7a60_0, 0, 6;
    %jmp T_0.28;
T_0.26 ;
    %pushi/vec4 17, 0, 6;
    %store/vec4 v0x5631946a6d60_0, 0, 6;
    %pushi/vec4 17, 0, 6;
    %store/vec4 v0x5631946a7a60_0, 0, 6;
    %jmp T_0.28;
T_0.27 ;
    %pushi/vec4 18, 0, 6;
    %store/vec4 v0x5631946a6d60_0, 0, 6;
    %pushi/vec4 18, 0, 6;
    %store/vec4 v0x5631946a7a60_0, 0, 6;
    %jmp T_0.28;
T_0.28 ;
    %pop/vec4 1;
    %jmp T_0.11;
T_0.9 ;
    %pushi/vec4 0, 0, 27;
    %load/vec4 v0x5631946a8570_0;
    %concat/vec4; draw_concat_vec4
    %store/vec4 v0x5631946a7700_0, 0, 32;
    %load/vec4 v0x5631946a6ac0_0;
    %store/vec4 v0x5631946a7d00_0, 0, 4;
    %load/vec4 v0x5631946a8990_0;
    %store/vec4 v0x5631946a83b0_0, 0, 32;
    %load/vec4 v0x5631946a87d0_0;
    %store/vec4 v0x5631946a7de0_0, 0, 4;
    %load/vec4 v0x5631946a5df0_0;
    %parti/s 1, 31, 6;
    %replicate 21;
    %load/vec4 v0x5631946a5df0_0;
    %parti/s 11, 20, 6;
    %concat/vec4; draw_concat_vec4
    %store/vec4 v0x5631946a7b40_0, 0, 32;
    %load/vec4 v0x5631946a8570_0;
    %store/vec4 v0x5631946a7380_0, 0, 5;
    %load/vec4 v0x5631946a5c30_0;
    %dup/vec4;
    %pushi/vec4 0, 0, 3;
    %cmp/u;
    %jmp/1 T_0.29, 6;
    %dup/vec4;
    %pushi/vec4 2, 0, 3;
    %cmp/u;
    %jmp/1 T_0.30, 6;
    %dup/vec4;
    %pushi/vec4 3, 0, 3;
    %cmp/u;
    %jmp/1 T_0.31, 6;
    %dup/vec4;
    %pushi/vec4 4, 0, 3;
    %cmp/u;
    %jmp/1 T_0.32, 6;
    %dup/vec4;
    %pushi/vec4 6, 0, 3;
    %cmp/u;
    %jmp/1 T_0.33, 6;
    %dup/vec4;
    %pushi/vec4 7, 0, 3;
    %cmp/u;
    %jmp/1 T_0.34, 6;
    %dup/vec4;
    %pushi/vec4 1, 0, 3;
    %cmp/u;
    %jmp/1 T_0.35, 6;
    %dup/vec4;
    %pushi/vec4 5, 0, 3;
    %cmp/u;
    %jmp/1 T_0.36, 6;
    %jmp T_0.37;
T_0.29 ;
    %pushi/vec4 29, 0, 6;
    %store/vec4 v0x5631946a7c20_0, 0, 6;
    %pushi/vec4 29, 0, 6;
    %store/vec4 v0x5631946a7a60_0, 0, 6;
    %jmp T_0.37;
T_0.30 ;
    %pushi/vec4 30, 0, 6;
    %store/vec4 v0x5631946a7c20_0, 0, 6;
    %pushi/vec4 30, 0, 6;
    %store/vec4 v0x5631946a7a60_0, 0, 6;
    %jmp T_0.37;
T_0.31 ;
    %pushi/vec4 31, 0, 6;
    %store/vec4 v0x5631946a7c20_0, 0, 6;
    %pushi/vec4 31, 0, 6;
    %store/vec4 v0x5631946a7a60_0, 0, 6;
    %jmp T_0.37;
T_0.32 ;
    %pushi/vec4 32, 0, 6;
    %store/vec4 v0x5631946a7c20_0, 0, 6;
    %pushi/vec4 32, 0, 6;
    %store/vec4 v0x5631946a7a60_0, 0, 6;
    %jmp T_0.37;
T_0.33 ;
    %pushi/vec4 33, 0, 6;
    %store/vec4 v0x5631946a7c20_0, 0, 6;
    %pushi/vec4 33, 0, 6;
    %store/vec4 v0x5631946a7a60_0, 0, 6;
    %jmp T_0.37;
T_0.34 ;
    %pushi/vec4 34, 0, 6;
    %store/vec4 v0x5631946a7c20_0, 0, 6;
    %pushi/vec4 34, 0, 6;
    %store/vec4 v0x5631946a7a60_0, 0, 6;
    %jmp T_0.37;
T_0.35 ;
    %pushi/vec4 35, 0, 6;
    %store/vec4 v0x5631946a7c20_0, 0, 6;
    %pushi/vec4 35, 0, 6;
    %store/vec4 v0x5631946a7a60_0, 0, 6;
    %pushi/vec4 0, 0, 26;
    %load/vec4 v0x5631946a5df0_0;
    %parti/s 6, 20, 6;
    %concat/vec4; draw_concat_vec4
    %store/vec4 v0x5631946a7b40_0, 0, 32;
    %jmp T_0.37;
T_0.36 ;
    %pushi/vec4 0, 0, 26;
    %load/vec4 v0x5631946a5df0_0;
    %parti/s 6, 20, 6;
    %concat/vec4; draw_concat_vec4
    %store/vec4 v0x5631946a7b40_0, 0, 32;
    %load/vec4 v0x5631946a5d10_0;
    %dup/vec4;
    %pushi/vec4 0, 0, 7;
    %cmp/u;
    %jmp/1 T_0.38, 6;
    %dup/vec4;
    %pushi/vec4 32, 0, 7;
    %cmp/u;
    %jmp/1 T_0.39, 6;
    %jmp T_0.40;
T_0.38 ;
    %pushi/vec4 36, 0, 6;
    %store/vec4 v0x5631946a7c20_0, 0, 6;
    %pushi/vec4 36, 0, 6;
    %store/vec4 v0x5631946a7a60_0, 0, 6;
    %jmp T_0.40;
T_0.39 ;
    %pushi/vec4 37, 0, 6;
    %store/vec4 v0x5631946a7c20_0, 0, 6;
    %pushi/vec4 37, 0, 6;
    %store/vec4 v0x5631946a7a60_0, 0, 6;
    %jmp T_0.40;
T_0.40 ;
    %pop/vec4 1;
    %jmp T_0.37;
T_0.37 ;
    %pop/vec4 1;
    %jmp T_0.11;
T_0.10 ;
    %load/vec4 v0x5631946a8990_0;
    %store/vec4 v0x5631946a83b0_0, 0, 32;
    %load/vec4 v0x5631946a87d0_0;
    %store/vec4 v0x5631946a7de0_0, 0, 4;
    %load/vec4 v0x5631946a8a70_0;
    %store/vec4 v0x5631946a8490_0, 0, 32;
    %load/vec4 v0x5631946a88b0_0;
    %store/vec4 v0x5631946a82d0_0, 0, 4;
    %pushi/vec4 0, 0, 27;
    %load/vec4 v0x5631946a8570_0;
    %concat/vec4; draw_concat_vec4
    %store/vec4 v0x5631946a7700_0, 0, 32;
    %load/vec4 v0x5631946a6ac0_0;
    %store/vec4 v0x5631946a7d00_0, 0, 4;
    %load/vec4 v0x5631946a8570_0;
    %store/vec4 v0x5631946a7380_0, 0, 5;
    %load/vec4 v0x5631946a5c30_0;
    %dup/vec4;
    %pushi/vec4 0, 0, 3;
    %cmp/u;
    %jmp/1 T_0.41, 6;
    %dup/vec4;
    %pushi/vec4 1, 0, 3;
    %cmp/u;
    %jmp/1 T_0.42, 6;
    %dup/vec4;
    %pushi/vec4 2, 0, 3;
    %cmp/u;
    %jmp/1 T_0.43, 6;
    %dup/vec4;
    %pushi/vec4 3, 0, 3;
    %cmp/u;
    %jmp/1 T_0.44, 6;
    %dup/vec4;
    %pushi/vec4 4, 0, 3;
    %cmp/u;
    %jmp/1 T_0.45, 6;
    %dup/vec4;
    %pushi/vec4 5, 0, 3;
    %cmp/u;
    %jmp/1 T_0.46, 6;
    %dup/vec4;
    %pushi/vec4 6, 0, 3;
    %cmp/u;
    %jmp/1 T_0.47, 6;
    %dup/vec4;
    %pushi/vec4 7, 0, 3;
    %cmp/u;
    %jmp/1 T_0.48, 6;
    %jmp T_0.49;
T_0.41 ;
    %load/vec4 v0x5631946a5d10_0;
    %dup/vec4;
    %pushi/vec4 0, 0, 7;
    %cmp/u;
    %jmp/1 T_0.50, 6;
    %dup/vec4;
    %pushi/vec4 32, 0, 7;
    %cmp/u;
    %jmp/1 T_0.51, 6;
    %jmp T_0.52;
T_0.50 ;
    %pushi/vec4 19, 0, 6;
    %store/vec4 v0x5631946a7c20_0, 0, 6;
    %pushi/vec4 19, 0, 6;
    %store/vec4 v0x5631946a7a60_0, 0, 6;
    %jmp T_0.52;
T_0.51 ;
    %pushi/vec4 20, 0, 6;
    %store/vec4 v0x5631946a7c20_0, 0, 6;
    %pushi/vec4 20, 0, 6;
    %store/vec4 v0x5631946a7a60_0, 0, 6;
    %jmp T_0.52;
T_0.52 ;
    %pop/vec4 1;
    %jmp T_0.49;
T_0.42 ;
    %pushi/vec4 21, 0, 6;
    %store/vec4 v0x5631946a7c20_0, 0, 6;
    %pushi/vec4 21, 0, 6;
    %store/vec4 v0x5631946a7a60_0, 0, 6;
    %jmp T_0.49;
T_0.43 ;
    %pushi/vec4 22, 0, 6;
    %store/vec4 v0x5631946a7c20_0, 0, 6;
    %pushi/vec4 22, 0, 6;
    %store/vec4 v0x5631946a7a60_0, 0, 6;
    %jmp T_0.49;
T_0.44 ;
    %pushi/vec4 23, 0, 6;
    %store/vec4 v0x5631946a7c20_0, 0, 6;
    %pushi/vec4 23, 0, 6;
    %store/vec4 v0x5631946a7a60_0, 0, 6;
    %jmp T_0.49;
T_0.45 ;
    %pushi/vec4 24, 0, 6;
    %store/vec4 v0x5631946a7c20_0, 0, 6;
    %pushi/vec4 24, 0, 6;
    %store/vec4 v0x5631946a7a60_0, 0, 6;
    %jmp T_0.49;
T_0.46 ;
    %load/vec4 v0x5631946a5d10_0;
    %dup/vec4;
    %pushi/vec4 0, 0, 7;
    %cmp/u;
    %jmp/1 T_0.53, 6;
    %dup/vec4;
    %pushi/vec4 32, 0, 7;
    %cmp/u;
    %jmp/1 T_0.54, 6;
    %jmp T_0.55;
T_0.53 ;
    %pushi/vec4 25, 0, 6;
    %store/vec4 v0x5631946a7c20_0, 0, 6;
    %pushi/vec4 25, 0, 6;
    %store/vec4 v0x5631946a7a60_0, 0, 6;
    %jmp T_0.55;
T_0.54 ;
    %pushi/vec4 26, 0, 6;
    %store/vec4 v0x5631946a7c20_0, 0, 6;
    %pushi/vec4 26, 0, 6;
    %store/vec4 v0x5631946a7a60_0, 0, 6;
    %jmp T_0.55;
T_0.55 ;
    %pop/vec4 1;
    %jmp T_0.49;
T_0.47 ;
    %pushi/vec4 27, 0, 6;
    %store/vec4 v0x5631946a7c20_0, 0, 6;
    %pushi/vec4 27, 0, 6;
    %store/vec4 v0x5631946a7a60_0, 0, 6;
    %jmp T_0.49;
T_0.48 ;
    %pushi/vec4 28, 0, 6;
    %store/vec4 v0x5631946a7c20_0, 0, 6;
    %pushi/vec4 28, 0, 6;
    %store/vec4 v0x5631946a7a60_0, 0, 6;
    %jmp T_0.49;
T_0.49 ;
    %pop/vec4 1;
    %jmp T_0.11;
T_0.11 ;
    %pop/vec4 1;
T_0.0 ;
    %jmp T_0;
    .thread T_0, $push;
# The file index is used to find the file name in the following table.
:file_names 3;
    "N/A";
    "<interactive>";
    "decoder.v";
