#! /usr/bin/vvp
:ivl_version "10.3 (stable)";
:ivl_delay_selection "TYPICAL";
:vpi_time_precision - 12;
:vpi_module "system";
:vpi_module "vhdl_sys";
:vpi_module "v2005_math";
:vpi_module "va_math";
S_0x55feeee3bfb0 .scope module, "RS" "RS" 2 2;
 .timescale -9 -12;
    .port_info 0 /INPUT 1 "clk"
    .port_info 1 /INPUT 1 "rst"
    .port_info 2 /INPUT 1 "rdy"
    .port_info 3 /INPUT 1 "in_fetcher_flag"
    .port_info 4 /OUTPUT 1 "out_fetcher_idle"
    .port_info 5 /INPUT 4 "in_decoder_rob"
    .port_info 6 /INPUT 6 "in_decoder_op"
    .port_info 7 /INPUT 32 "in_decoder_value1"
    .port_info 8 /INPUT 32 "in_decoder_value2"
    .port_info 9 /INPUT 32 "in_decoder_imm"
    .port_info 10 /INPUT 4 "in_decoder_tag1"
    .port_info 11 /INPUT 4 "in_decoder_tag2"
    .port_info 12 /INPUT 32 "in_decoder_pc"
    .port_info 13 /INPUT 32 "in_alu_cdb_value"
    .port_info 14 /INPUT 4 "in_alu_cdb_pos"
    .port_info 15 /INPUT 4 "in_rob_cdb_pos"
    .port_info 16 /INPUT 32 "in_rob_cdb_value"
    .port_info 17 /INPUT 4 "in_lsb_cdb_pos"
    .port_info 18 /INPUT 32 "in_lsb_cdb_value"
    .port_info 19 /INPUT 1 "in_lsb_io_in"
    .port_info 20 /OUTPUT 6 "out_alu_op"
    .port_info 21 /OUTPUT 32 "out_alu_value1"
    .port_info 22 /OUTPUT 32 "out_alu_value2"
    .port_info 23 /OUTPUT 32 "out_alu_imm"
    .port_info 24 /OUTPUT 4 "out_alu_rob_pos"
    .port_info 25 /OUTPUT 32 "out_alu_pc"
    .port_info 26 /INPUT 1 "in_rob_xbp"
v0x55feeee7d100_1 .array/port v0x55feeee7d100, 1;
L_0x55feeee84f00 .functor NOT 1, v0x55feeee7d100_1, C4<0>, C4<0>, C4<0>;
v0x55feeee7d100_2 .array/port v0x55feeee7d100, 2;
L_0x55feeee84fc0 .functor NOT 1, v0x55feeee7d100_2, C4<0>, C4<0>, C4<0>;
v0x55feeee7d100_3 .array/port v0x55feeee7d100, 3;
L_0x55feeee850b0 .functor NOT 1, v0x55feeee7d100_3, C4<0>, C4<0>, C4<0>;
v0x55feeee7d100_4 .array/port v0x55feeee7d100, 4;
L_0x55feeee851a0 .functor NOT 1, v0x55feeee7d100_4, C4<0>, C4<0>, C4<0>;
v0x55feeee7d100_5 .array/port v0x55feeee7d100, 5;
L_0x55feeee852c0 .functor NOT 1, v0x55feeee7d100_5, C4<0>, C4<0>, C4<0>;
v0x55feeee7d100_6 .array/port v0x55feeee7d100, 6;
L_0x55feeee853b0 .functor NOT 1, v0x55feeee7d100_6, C4<0>, C4<0>, C4<0>;
v0x55feeee7d100_7 .array/port v0x55feeee7d100, 7;
L_0x55feeee854e0 .functor NOT 1, v0x55feeee7d100_7, C4<0>, C4<0>, C4<0>;
v0x55feeee7d100_8 .array/port v0x55feeee7d100, 8;
L_0x55feeee855a0 .functor NOT 1, v0x55feeee7d100_8, C4<0>, C4<0>, C4<0>;
v0x55feeee7d100_9 .array/port v0x55feeee7d100, 9;
L_0x55feeee856e0 .functor NOT 1, v0x55feeee7d100_9, C4<0>, C4<0>, C4<0>;
v0x55feeee7d100_10 .array/port v0x55feeee7d100, 10;
L_0x55feeee857d0 .functor NOT 1, v0x55feeee7d100_10, C4<0>, C4<0>, C4<0>;
v0x55feeee7d100_11 .array/port v0x55feeee7d100, 11;
L_0x55feeee85920 .functor NOT 1, v0x55feeee7d100_11, C4<0>, C4<0>, C4<0>;
v0x55feeee7d100_12 .array/port v0x55feeee7d100, 12;
L_0x55feeee859c0 .functor NOT 1, v0x55feeee7d100_12, C4<0>, C4<0>, C4<0>;
v0x55feeee7d100_13 .array/port v0x55feeee7d100, 13;
L_0x55feeee85b20 .functor NOT 1, v0x55feeee7d100_13, C4<0>, C4<0>, C4<0>;
v0x55feeee7d100_14 .array/port v0x55feeee7d100, 14;
L_0x55feeee85c10 .functor NOT 1, v0x55feeee7d100_14, C4<0>, C4<0>, C4<0>;
v0x55feeee7d100_15 .array/port v0x55feeee7d100, 15;
L_0x55feeee85ab0 .functor NOT 1, v0x55feeee7d100_15, C4<0>, C4<0>, C4<0>;
L_0x7f65bfee4cc0 .functor BUFT 1, C4<00000>, C4<0>, C4<0>, C4<0>;
v0x55feeee78670_0 .net/2u *"_s0", 4 0, L_0x7f65bfee4cc0;  1 drivers
v0x55feeee78770_0 .net *"_s10", 0 0, L_0x55feeee84fc0;  1 drivers
v0x55feeee78850_0 .net *"_s101", 4 0, L_0x55feeee86ed0;  1 drivers
v0x55feeee78910_0 .net *"_s103", 4 0, L_0x55feeee870d0;  1 drivers
v0x55feeee789f0_0 .net *"_s105", 4 0, L_0x55feeee87260;  1 drivers
v0x55feeee78b20_0 .net *"_s107", 4 0, L_0x55feeee87470;  1 drivers
L_0x7f65bfee5188 .functor BUFT 1, C4<00001>, C4<0>, C4<0>, C4<0>;
v0x55feeee78c00_0 .net/2u *"_s112", 4 0, L_0x7f65bfee5188;  1 drivers
L_0x7f65bfee51d0 .functor BUFT 1, C4<00010>, C4<0>, C4<0>, C4<0>;
v0x55feeee78ce0_0 .net/2u *"_s115", 4 0, L_0x7f65bfee51d0;  1 drivers
L_0x7f65bfee5218 .functor BUFT 1, C4<00011>, C4<0>, C4<0>, C4<0>;
v0x55feeee78dc0_0 .net/2u *"_s118", 4 0, L_0x7f65bfee5218;  1 drivers
L_0x7f65bfee4d50 .functor BUFT 1, C4<00010>, C4<0>, C4<0>, C4<0>;
v0x55feeee78f30_0 .net/2u *"_s12", 4 0, L_0x7f65bfee4d50;  1 drivers
L_0x7f65bfee5260 .functor BUFT 1, C4<00100>, C4<0>, C4<0>, C4<0>;
v0x55feeee79010_0 .net/2u *"_s121", 4 0, L_0x7f65bfee5260;  1 drivers
L_0x7f65bfee52a8 .functor BUFT 1, C4<00101>, C4<0>, C4<0>, C4<0>;
v0x55feeee790f0_0 .net/2u *"_s124", 4 0, L_0x7f65bfee52a8;  1 drivers
L_0x7f65bfee52f0 .functor BUFT 1, C4<00110>, C4<0>, C4<0>, C4<0>;
v0x55feeee791d0_0 .net/2u *"_s127", 4 0, L_0x7f65bfee52f0;  1 drivers
L_0x7f65bfee5338 .functor BUFT 1, C4<00111>, C4<0>, C4<0>, C4<0>;
v0x55feeee792b0_0 .net/2u *"_s130", 4 0, L_0x7f65bfee5338;  1 drivers
L_0x7f65bfee5380 .functor BUFT 1, C4<01000>, C4<0>, C4<0>, C4<0>;
v0x55feeee79390_0 .net/2u *"_s133", 4 0, L_0x7f65bfee5380;  1 drivers
L_0x7f65bfee53c8 .functor BUFT 1, C4<01001>, C4<0>, C4<0>, C4<0>;
v0x55feeee79470_0 .net/2u *"_s136", 4 0, L_0x7f65bfee53c8;  1 drivers
L_0x7f65bfee5410 .functor BUFT 1, C4<01010>, C4<0>, C4<0>, C4<0>;
v0x55feeee79550_0 .net/2u *"_s139", 4 0, L_0x7f65bfee5410;  1 drivers
L_0x7f65bfee5458 .functor BUFT 1, C4<01011>, C4<0>, C4<0>, C4<0>;
v0x55feeee79740_0 .net/2u *"_s142", 4 0, L_0x7f65bfee5458;  1 drivers
L_0x7f65bfee54a0 .functor BUFT 1, C4<01100>, C4<0>, C4<0>, C4<0>;
v0x55feeee79820_0 .net/2u *"_s145", 4 0, L_0x7f65bfee54a0;  1 drivers
L_0x7f65bfee54e8 .functor BUFT 1, C4<01101>, C4<0>, C4<0>, C4<0>;
v0x55feeee79900_0 .net/2u *"_s148", 4 0, L_0x7f65bfee54e8;  1 drivers
v0x55feeee799e0_0 .net *"_s15", 0 0, L_0x55feeee850b0;  1 drivers
L_0x7f65bfee5530 .functor BUFT 1, C4<01110>, C4<0>, C4<0>, C4<0>;
v0x55feeee79ac0_0 .net/2u *"_s151", 4 0, L_0x7f65bfee5530;  1 drivers
L_0x7f65bfee5578 .functor BUFT 1, C4<01111>, C4<0>, C4<0>, C4<0>;
v0x55feeee79ba0_0 .net/2u *"_s154", 4 0, L_0x7f65bfee5578;  1 drivers
L_0x7f65bfee55c0 .functor BUFT 1, C4<00000>, C4<0>, C4<0>, C4<0>;
v0x55feeee79c80_0 .net/2u *"_s156", 4 0, L_0x7f65bfee55c0;  1 drivers
v0x55feeee79d60_0 .net *"_s158", 4 0, L_0x55feeee87c80;  1 drivers
v0x55feeee79e40_0 .net *"_s160", 4 0, L_0x55feeee87d70;  1 drivers
v0x55feeee79f20_0 .net *"_s162", 4 0, L_0x55feeee87fa0;  1 drivers
v0x55feeee7a000_0 .net *"_s164", 4 0, L_0x55feeee88130;  1 drivers
v0x55feeee7a0e0_0 .net *"_s166", 4 0, L_0x55feeee87e10;  1 drivers
v0x55feeee7a1c0_0 .net *"_s168", 4 0, L_0x55feeee88460;  1 drivers
L_0x7f65bfee4d98 .functor BUFT 1, C4<00011>, C4<0>, C4<0>, C4<0>;
v0x55feeee7a2a0_0 .net/2u *"_s17", 4 0, L_0x7f65bfee4d98;  1 drivers
v0x55feeee7a380_0 .net *"_s170", 4 0, L_0x55feeee886b0;  1 drivers
v0x55feeee7a460_0 .net *"_s172", 4 0, L_0x55feeee88840;  1 drivers
v0x55feeee7a750_0 .net *"_s174", 4 0, L_0x55feeee88aa0;  1 drivers
v0x55feeee7a830_0 .net *"_s176", 4 0, L_0x55feeee88c30;  1 drivers
v0x55feeee7a910_0 .net *"_s178", 4 0, L_0x55feeee88ea0;  1 drivers
v0x55feeee7a9f0_0 .net *"_s180", 4 0, L_0x55feeee89030;  1 drivers
v0x55feeee7aad0_0 .net *"_s182", 4 0, L_0x55feeee892b0;  1 drivers
v0x55feeee7abb0_0 .net *"_s184", 4 0, L_0x55feeee89440;  1 drivers
v0x55feeee7ac90_0 .net *"_s20", 0 0, L_0x55feeee851a0;  1 drivers
L_0x7f65bfee4de0 .functor BUFT 1, C4<00100>, C4<0>, C4<0>, C4<0>;
v0x55feeee7ad70_0 .net/2u *"_s22", 4 0, L_0x7f65bfee4de0;  1 drivers
v0x55feeee7ae50_0 .net *"_s25", 0 0, L_0x55feeee852c0;  1 drivers
L_0x7f65bfee4e28 .functor BUFT 1, C4<00101>, C4<0>, C4<0>, C4<0>;
v0x55feeee7af30_0 .net/2u *"_s27", 4 0, L_0x7f65bfee4e28;  1 drivers
v0x55feeee7b010_0 .net *"_s30", 0 0, L_0x55feeee853b0;  1 drivers
L_0x7f65bfee4e70 .functor BUFT 1, C4<00110>, C4<0>, C4<0>, C4<0>;
v0x55feeee7b0f0_0 .net/2u *"_s32", 4 0, L_0x7f65bfee4e70;  1 drivers
v0x55feeee7b1d0_0 .net *"_s35", 0 0, L_0x55feeee854e0;  1 drivers
L_0x7f65bfee4eb8 .functor BUFT 1, C4<00111>, C4<0>, C4<0>, C4<0>;
v0x55feeee7b2b0_0 .net/2u *"_s37", 4 0, L_0x7f65bfee4eb8;  1 drivers
v0x55feeee7b390_0 .net *"_s40", 0 0, L_0x55feeee855a0;  1 drivers
L_0x7f65bfee4f00 .functor BUFT 1, C4<01000>, C4<0>, C4<0>, C4<0>;
v0x55feeee7b470_0 .net/2u *"_s42", 4 0, L_0x7f65bfee4f00;  1 drivers
v0x55feeee7b550_0 .net *"_s45", 0 0, L_0x55feeee856e0;  1 drivers
L_0x7f65bfee4f48 .functor BUFT 1, C4<01001>, C4<0>, C4<0>, C4<0>;
v0x55feeee7b630_0 .net/2u *"_s47", 4 0, L_0x7f65bfee4f48;  1 drivers
v0x55feeee7b710_0 .net *"_s5", 0 0, L_0x55feeee84f00;  1 drivers
v0x55feeee7b7f0_0 .net *"_s50", 0 0, L_0x55feeee857d0;  1 drivers
L_0x7f65bfee4f90 .functor BUFT 1, C4<01010>, C4<0>, C4<0>, C4<0>;
v0x55feeee7b8d0_0 .net/2u *"_s52", 4 0, L_0x7f65bfee4f90;  1 drivers
v0x55feeee7b9b0_0 .net *"_s55", 0 0, L_0x55feeee85920;  1 drivers
L_0x7f65bfee4fd8 .functor BUFT 1, C4<01011>, C4<0>, C4<0>, C4<0>;
v0x55feeee7ba90_0 .net/2u *"_s57", 4 0, L_0x7f65bfee4fd8;  1 drivers
v0x55feeee7bb70_0 .net *"_s60", 0 0, L_0x55feeee859c0;  1 drivers
L_0x7f65bfee5020 .functor BUFT 1, C4<01100>, C4<0>, C4<0>, C4<0>;
v0x55feeee7bc50_0 .net/2u *"_s62", 4 0, L_0x7f65bfee5020;  1 drivers
v0x55feeee7bd30_0 .net *"_s65", 0 0, L_0x55feeee85b20;  1 drivers
L_0x7f65bfee5068 .functor BUFT 1, C4<01101>, C4<0>, C4<0>, C4<0>;
v0x55feeee7be10_0 .net/2u *"_s67", 4 0, L_0x7f65bfee5068;  1 drivers
L_0x7f65bfee4d08 .functor BUFT 1, C4<00001>, C4<0>, C4<0>, C4<0>;
v0x55feeee7bef0_0 .net/2u *"_s7", 4 0, L_0x7f65bfee4d08;  1 drivers
v0x55feeee7bfd0_0 .net *"_s70", 0 0, L_0x55feeee85c10;  1 drivers
L_0x7f65bfee50b0 .functor BUFT 1, C4<01110>, C4<0>, C4<0>, C4<0>;
v0x55feeee7c0b0_0 .net/2u *"_s72", 4 0, L_0x7f65bfee50b0;  1 drivers
v0x55feeee7c190_0 .net *"_s75", 0 0, L_0x55feeee85ab0;  1 drivers
L_0x7f65bfee50f8 .functor BUFT 1, C4<01111>, C4<0>, C4<0>, C4<0>;
v0x55feeee7c270_0 .net/2u *"_s77", 4 0, L_0x7f65bfee50f8;  1 drivers
L_0x7f65bfee5140 .functor BUFT 1, C4<00000>, C4<0>, C4<0>, C4<0>;
v0x55feeee7c760_0 .net/2u *"_s79", 4 0, L_0x7f65bfee5140;  1 drivers
v0x55feeee7c840_0 .net *"_s81", 4 0, L_0x55feeee85e30;  1 drivers
v0x55feeee7c920_0 .net *"_s83", 4 0, L_0x55feeee85ff0;  1 drivers
v0x55feeee7ca00_0 .net *"_s85", 4 0, L_0x55feeee86180;  1 drivers
v0x55feeee7cae0_0 .net *"_s87", 4 0, L_0x55feeee86340;  1 drivers
v0x55feeee7cbc0_0 .net *"_s89", 4 0, L_0x55feeee864d0;  1 drivers
v0x55feeee7cca0_0 .net *"_s91", 4 0, L_0x55feeee866a0;  1 drivers
v0x55feeee7cd80_0 .net *"_s93", 4 0, L_0x55feeee86830;  1 drivers
v0x55feeee7ce60_0 .net *"_s95", 4 0, L_0x55feeee86a10;  1 drivers
v0x55feeee7cf40_0 .net *"_s97", 4 0, L_0x55feeee86ba0;  1 drivers
v0x55feeee7d020_0 .net *"_s99", 4 0, L_0x55feeee86d40;  1 drivers
v0x55feeee7d100 .array "busy", 0 15, 0 0;
o0x7f65bff2f508 .functor BUFZ 1, C4<z>; HiZ drive
v0x55feeee7d3a0_0 .net "clk", 0 0, o0x7f65bff2f508;  0 drivers
v0x55feeee7d460_0 .net "free_tag", 4 0, L_0x55feeee87600;  1 drivers
v0x55feeee7d540_0 .var/i "i", 31 0;
v0x55feeee7d620 .array "imms", 0 15, 31 0;
o0x7f65bff2f598 .functor BUFZ 4, C4<zzzz>; HiZ drive
v0x55feeee7d6e0_0 .net "in_alu_cdb_pos", 3 0, o0x7f65bff2f598;  0 drivers
o0x7f65bff2f5c8 .functor BUFZ 32, C4<zzzzzzzzzzzzzzzzzzzzzzzzzzzzzzzz>; HiZ drive
v0x55feeee7d7c0_0 .net "in_alu_cdb_value", 31 0, o0x7f65bff2f5c8;  0 drivers
o0x7f65bff2f5f8 .functor BUFZ 32, C4<zzzzzzzzzzzzzzzzzzzzzzzzzzzzzzzz>; HiZ drive
v0x55feeee7d8a0_0 .net "in_decoder_imm", 31 0, o0x7f65bff2f5f8;  0 drivers
o0x7f65bff2f628 .functor BUFZ 6, C4<zzzzzz>; HiZ drive
v0x55feeee7d980_0 .net "in_decoder_op", 5 0, o0x7f65bff2f628;  0 drivers
o0x7f65bff2f658 .functor BUFZ 32, C4<zzzzzzzzzzzzzzzzzzzzzzzzzzzzzzzz>; HiZ drive
v0x55feeee7da60_0 .net "in_decoder_pc", 31 0, o0x7f65bff2f658;  0 drivers
o0x7f65bff2f688 .functor BUFZ 4, C4<zzzz>; HiZ drive
v0x55feeee7db40_0 .net "in_decoder_rob", 3 0, o0x7f65bff2f688;  0 drivers
o0x7f65bff2f6b8 .functor BUFZ 4, C4<zzzz>; HiZ drive
v0x55feeee7dc20_0 .net "in_decoder_tag1", 3 0, o0x7f65bff2f6b8;  0 drivers
o0x7f65bff2f6e8 .functor BUFZ 4, C4<zzzz>; HiZ drive
v0x55feeee7dd00_0 .net "in_decoder_tag2", 3 0, o0x7f65bff2f6e8;  0 drivers
o0x7f65bff2f718 .functor BUFZ 32, C4<zzzzzzzzzzzzzzzzzzzzzzzzzzzzzzzz>; HiZ drive
v0x55feeee7dde0_0 .net "in_decoder_value1", 31 0, o0x7f65bff2f718;  0 drivers
o0x7f65bff2f748 .functor BUFZ 32, C4<zzzzzzzzzzzzzzzzzzzzzzzzzzzzzzzz>; HiZ drive
v0x55feeee7dec0_0 .net "in_decoder_value2", 31 0, o0x7f65bff2f748;  0 drivers
o0x7f65bff2f778 .functor BUFZ 1, C4<z>; HiZ drive
v0x55feeee7dfa0_0 .net "in_fetcher_flag", 0 0, o0x7f65bff2f778;  0 drivers
o0x7f65bff2f7a8 .functor BUFZ 4, C4<zzzz>; HiZ drive
v0x55feeee7e060_0 .net "in_lsb_cdb_pos", 3 0, o0x7f65bff2f7a8;  0 drivers
o0x7f65bff2f7d8 .functor BUFZ 32, C4<zzzzzzzzzzzzzzzzzzzzzzzzzzzzzzzz>; HiZ drive
v0x55feeee7e140_0 .net "in_lsb_cdb_value", 31 0, o0x7f65bff2f7d8;  0 drivers
o0x7f65bff2f808 .functor BUFZ 1, C4<z>; HiZ drive
v0x55feeee7e220_0 .net "in_lsb_io_in", 0 0, o0x7f65bff2f808;  0 drivers
o0x7f65bff2f838 .functor BUFZ 4, C4<zzzz>; HiZ drive
v0x55feeee7e2e0_0 .net "in_rob_cdb_pos", 3 0, o0x7f65bff2f838;  0 drivers
o0x7f65bff2f868 .functor BUFZ 32, C4<zzzzzzzzzzzzzzzzzzzzzzzzzzzzzzzz>; HiZ drive
v0x55feeee7e3c0_0 .net "in_rob_cdb_value", 31 0, o0x7f65bff2f868;  0 drivers
o0x7f65bff2f898 .functor BUFZ 1, C4<z>; HiZ drive
v0x55feeee7e4a0_0 .net "in_rob_xbp", 0 0, o0x7f65bff2f898;  0 drivers
v0x55feeee7e560_0 .net "issue_tag", 4 0, L_0x55feeee896d0;  1 drivers
v0x55feeee7e640 .array "op", 0 15, 5 0;
v0x55feeee7e700_0 .var "out_alu_imm", 31 0;
v0x55feeee7e7e0_0 .var "out_alu_op", 5 0;
v0x55feeee7e8c0_0 .var "out_alu_pc", 31 0;
v0x55feeee7e9a0_0 .var "out_alu_rob_pos", 3 0;
v0x55feeee7ea80_0 .var "out_alu_value1", 31 0;
v0x55feeee7eb60_0 .var "out_alu_value2", 31 0;
v0x55feeee7ec40_0 .net "out_fetcher_idle", 0 0, L_0x55feeee84de0;  1 drivers
v0x55feeee7ed00 .array "pcs", 0 15, 31 0;
o0x7f65bff2fa48 .functor BUFZ 1, C4<z>; HiZ drive
v0x55feeee7edc0_0 .net "rdy", 0 0, o0x7f65bff2fa48;  0 drivers
o0x7f65bff2fa78 .functor BUFZ 1, C4<z>; HiZ drive
v0x55feeee7ee80 .array "ready", 0 15;
v0x55feeee7ee80_0 .net v0x55feeee7ee80 0, 0 0, o0x7f65bff2fa78; 0 drivers
v0x55feeee7ee80_1 .net v0x55feeee7ee80 1, 0 0, L_0x55feeee80370; 1 drivers
v0x55feeee7ee80_2 .net v0x55feeee7ee80 2, 0 0, L_0x55feeee80910; 1 drivers
v0x55feeee7ee80_3 .net v0x55feeee7ee80 3, 0 0, L_0x55feeee80ed0; 1 drivers
v0x55feeee7ee80_4 .net v0x55feeee7ee80 4, 0 0, L_0x55feeee81450; 1 drivers
v0x55feeee7ee80_5 .net v0x55feeee7ee80 5, 0 0, L_0x55feeee819d0; 1 drivers
v0x55feeee7ee80_6 .net v0x55feeee7ee80 6, 0 0, L_0x55feeee81f50; 1 drivers
v0x55feeee7ee80_7 .net v0x55feeee7ee80 7, 0 0, L_0x55feeee824d0; 1 drivers
v0x55feeee7ee80_8 .net v0x55feeee7ee80 8, 0 0, L_0x55feeee82a50; 1 drivers
v0x55feeee7ee80_9 .net v0x55feeee7ee80 9, 0 0, L_0x55feeee82fd0; 1 drivers
v0x55feeee7ee80_10 .net v0x55feeee7ee80 10, 0 0, L_0x55feeee83550; 1 drivers
v0x55feeee7ee80_11 .net v0x55feeee7ee80 11, 0 0, L_0x55feeee83ad0; 1 drivers
v0x55feeee7ee80_12 .net v0x55feeee7ee80 12, 0 0, L_0x55feeee7fa10; 1 drivers
v0x55feeee7ee80_13 .net v0x55feeee7ee80 13, 0 0, L_0x55feeee841d0; 1 drivers
v0x55feeee7ee80_14 .net v0x55feeee7ee80 14, 0 0, L_0x55feeee84750; 1 drivers
v0x55feeee7ee80_15 .net v0x55feeee7ee80 15, 0 0, L_0x55feeee84cd0; 1 drivers
v0x55feeee7f1b0 .array "robpos", 0 15, 3 0;
o0x7f65bff2fd78 .functor BUFZ 1, C4<z>; HiZ drive
v0x55feeee7f270_0 .net "rst", 0 0, o0x7f65bff2fd78;  0 drivers
v0x55feeee7f330 .array "value1", 0 15, 31 0;
v0x55feeee7f3f0 .array "value1_tag", 0 15, 3 0;
v0x55feeee7f740 .array "value2", 0 15, 31 0;
v0x55feeee7f800 .array "value2_tag", 0 15, 3 0;
E_0x55feeee08390 .event posedge, v0x55feeee7d3a0_0;
L_0x55feeee84de0 .cmp/ne 5, L_0x55feeee87600, L_0x7f65bfee4cc0;
L_0x55feeee85e30 .functor MUXZ 5, L_0x7f65bfee5140, L_0x7f65bfee50f8, L_0x55feeee85ab0, C4<>;
L_0x55feeee85ff0 .functor MUXZ 5, L_0x55feeee85e30, L_0x7f65bfee50b0, L_0x55feeee85c10, C4<>;
L_0x55feeee86180 .functor MUXZ 5, L_0x55feeee85ff0, L_0x7f65bfee5068, L_0x55feeee85b20, C4<>;
L_0x55feeee86340 .functor MUXZ 5, L_0x55feeee86180, L_0x7f65bfee5020, L_0x55feeee859c0, C4<>;
L_0x55feeee864d0 .functor MUXZ 5, L_0x55feeee86340, L_0x7f65bfee4fd8, L_0x55feeee85920, C4<>;
L_0x55feeee866a0 .functor MUXZ 5, L_0x55feeee864d0, L_0x7f65bfee4f90, L_0x55feeee857d0, C4<>;
L_0x55feeee86830 .functor MUXZ 5, L_0x55feeee866a0, L_0x7f65bfee4f48, L_0x55feeee856e0, C4<>;
L_0x55feeee86a10 .functor MUXZ 5, L_0x55feeee86830, L_0x7f65bfee4f00, L_0x55feeee855a0, C4<>;
L_0x55feeee86ba0 .functor MUXZ 5, L_0x55feeee86a10, L_0x7f65bfee4eb8, L_0x55feeee854e0, C4<>;
L_0x55feeee86d40 .functor MUXZ 5, L_0x55feeee86ba0, L_0x7f65bfee4e70, L_0x55feeee853b0, C4<>;
L_0x55feeee86ed0 .functor MUXZ 5, L_0x55feeee86d40, L_0x7f65bfee4e28, L_0x55feeee852c0, C4<>;
L_0x55feeee870d0 .functor MUXZ 5, L_0x55feeee86ed0, L_0x7f65bfee4de0, L_0x55feeee851a0, C4<>;
L_0x55feeee87260 .functor MUXZ 5, L_0x55feeee870d0, L_0x7f65bfee4d98, L_0x55feeee850b0, C4<>;
L_0x55feeee87470 .functor MUXZ 5, L_0x55feeee87260, L_0x7f65bfee4d50, L_0x55feeee84fc0, C4<>;
L_0x55feeee87600 .functor MUXZ 5, L_0x55feeee87470, L_0x7f65bfee4d08, L_0x55feeee84f00, C4<>;
L_0x55feeee87c80 .functor MUXZ 5, L_0x7f65bfee55c0, L_0x7f65bfee5578, L_0x55feeee84cd0, C4<>;
L_0x55feeee87d70 .functor MUXZ 5, L_0x55feeee87c80, L_0x7f65bfee5530, L_0x55feeee84750, C4<>;
L_0x55feeee87fa0 .functor MUXZ 5, L_0x55feeee87d70, L_0x7f65bfee54e8, L_0x55feeee841d0, C4<>;
L_0x55feeee88130 .functor MUXZ 5, L_0x55feeee87fa0, L_0x7f65bfee54a0, L_0x55feeee7fa10, C4<>;
L_0x55feeee87e10 .functor MUXZ 5, L_0x55feeee88130, L_0x7f65bfee5458, L_0x55feeee83ad0, C4<>;
L_0x55feeee88460 .functor MUXZ 5, L_0x55feeee87e10, L_0x7f65bfee5410, L_0x55feeee83550, C4<>;
L_0x55feeee886b0 .functor MUXZ 5, L_0x55feeee88460, L_0x7f65bfee53c8, L_0x55feeee82fd0, C4<>;
L_0x55feeee88840 .functor MUXZ 5, L_0x55feeee886b0, L_0x7f65bfee5380, L_0x55feeee82a50, C4<>;
L_0x55feeee88aa0 .functor MUXZ 5, L_0x55feeee88840, L_0x7f65bfee5338, L_0x55feeee824d0, C4<>;
L_0x55feeee88c30 .functor MUXZ 5, L_0x55feeee88aa0, L_0x7f65bfee52f0, L_0x55feeee81f50, C4<>;
L_0x55feeee88ea0 .functor MUXZ 5, L_0x55feeee88c30, L_0x7f65bfee52a8, L_0x55feeee819d0, C4<>;
L_0x55feeee89030 .functor MUXZ 5, L_0x55feeee88ea0, L_0x7f65bfee5260, L_0x55feeee81450, C4<>;
L_0x55feeee892b0 .functor MUXZ 5, L_0x55feeee89030, L_0x7f65bfee5218, L_0x55feeee80ed0, C4<>;
L_0x55feeee89440 .functor MUXZ 5, L_0x55feeee892b0, L_0x7f65bfee51d0, L_0x55feeee80910, C4<>;
L_0x55feeee896d0 .functor MUXZ 5, L_0x55feeee89440, L_0x7f65bfee5188, L_0x55feeee80370, C4<>;
S_0x55feeee2f0a0 .scope generate, "check_readiness[1]" "check_readiness[1]" 2 78, 2 78 0, S_0x55feeee3bfb0;
 .timescale -9 -12;
P_0x55feeedcb380 .param/l "j" 0 2 78, +C4<01>;
L_0x7f65bfee4018 .functor BUFT 1, C4<1>, C4<0>, C4<0>, C4<0>;
L_0x55feeee7ff90 .functor XNOR 1, v0x55feeee7d100_1, L_0x7f65bfee4018, C4<0>, C4<0>;
L_0x55feeee80110 .functor AND 1, L_0x55feeee7ff90, L_0x55feeee80020, C4<1>, C4<1>;
L_0x55feeee80370 .functor AND 1, L_0x55feeee80110, L_0x55feeee80220, C4<1>, C4<1>;
v0x55feeedcb420_0 .net *"_s11", 0 0, L_0x55feeee80110;  1 drivers
L_0x7f65bfee40a8 .functor BUFT 1, C4<0000>, C4<0>, C4<0>, C4<0>;
v0x55feeee711c0_0 .net/2u *"_s14", 3 0, L_0x7f65bfee40a8;  1 drivers
v0x55feeee712a0_0 .net *"_s16", 0 0, L_0x55feeee80220;  1 drivers
v0x55feeee71340_0 .net/2u *"_s2", 0 0, L_0x7f65bfee4018;  1 drivers
v0x55feeee71420_0 .net *"_s4", 0 0, L_0x55feeee7ff90;  1 drivers
L_0x7f65bfee4060 .functor BUFT 1, C4<0000>, C4<0>, C4<0>, C4<0>;
v0x55feeee71530_0 .net/2u *"_s7", 3 0, L_0x7f65bfee4060;  1 drivers
v0x55feeee71610_0 .net *"_s9", 0 0, L_0x55feeee80020;  1 drivers
v0x55feeee7f3f0_1 .array/port v0x55feeee7f3f0, 1;
L_0x55feeee80020 .cmp/eq 4, v0x55feeee7f3f0_1, L_0x7f65bfee4060;
v0x55feeee7f800_1 .array/port v0x55feeee7f800, 1;
L_0x55feeee80220 .cmp/eq 4, v0x55feeee7f800_1, L_0x7f65bfee40a8;
S_0x55feeee31890 .scope generate, "check_readiness[2]" "check_readiness[2]" 2 78, 2 78 0, S_0x55feeee3bfb0;
 .timescale -9 -12;
P_0x55feeee71760 .param/l "j" 0 2 78, +C4<010>;
L_0x7f65bfee40f0 .functor BUFT 1, C4<1>, C4<0>, C4<0>, C4<0>;
L_0x55feeee80480 .functor XNOR 1, v0x55feeee7d100_2, L_0x7f65bfee40f0, C4<0>, C4<0>;
L_0x55feeee806e0 .functor AND 1, L_0x55feeee80480, L_0x55feeee805c0, C4<1>, C4<1>;
L_0x55feeee80910 .functor AND 1, L_0x55feeee806e0, L_0x55feeee807f0, C4<1>, C4<1>;
v0x55feeee71820_0 .net *"_s11", 0 0, L_0x55feeee806e0;  1 drivers
L_0x7f65bfee4180 .functor BUFT 1, C4<0000>, C4<0>, C4<0>, C4<0>;
v0x55feeee718e0_0 .net/2u *"_s14", 3 0, L_0x7f65bfee4180;  1 drivers
v0x55feeee719c0_0 .net *"_s16", 0 0, L_0x55feeee807f0;  1 drivers
v0x55feeee71a60_0 .net/2u *"_s2", 0 0, L_0x7f65bfee40f0;  1 drivers
v0x55feeee71b40_0 .net *"_s4", 0 0, L_0x55feeee80480;  1 drivers
L_0x7f65bfee4138 .functor BUFT 1, C4<0000>, C4<0>, C4<0>, C4<0>;
v0x55feeee71c50_0 .net/2u *"_s7", 3 0, L_0x7f65bfee4138;  1 drivers
v0x55feeee71d30_0 .net *"_s9", 0 0, L_0x55feeee805c0;  1 drivers
v0x55feeee7f3f0_2 .array/port v0x55feeee7f3f0, 2;
L_0x55feeee805c0 .cmp/eq 4, v0x55feeee7f3f0_2, L_0x7f65bfee4138;
v0x55feeee7f800_2 .array/port v0x55feeee7f800, 2;
L_0x55feeee807f0 .cmp/eq 4, v0x55feeee7f800_2, L_0x7f65bfee4180;
S_0x55feeee34080 .scope generate, "check_readiness[3]" "check_readiness[3]" 2 78, 2 78 0, S_0x55feeee3bfb0;
 .timescale -9 -12;
P_0x55feeee71e60 .param/l "j" 0 2 78, +C4<011>;
L_0x7f65bfee41c8 .functor BUFT 1, C4<1>, C4<0>, C4<0>, C4<0>;
L_0x55feeee80a20 .functor XNOR 1, v0x55feeee7d100_3, L_0x7f65bfee41c8, C4<0>, C4<0>;
L_0x55feeee80c60 .functor AND 1, L_0x55feeee80a20, L_0x55feeee80b10, C4<1>, C4<1>;
L_0x55feeee80ed0 .functor AND 1, L_0x55feeee80c60, L_0x55feeee80e00, C4<1>, C4<1>;
v0x55feeee71f20_0 .net *"_s11", 0 0, L_0x55feeee80c60;  1 drivers
L_0x7f65bfee4258 .functor BUFT 1, C4<0000>, C4<0>, C4<0>, C4<0>;
v0x55feeee71fe0_0 .net/2u *"_s14", 3 0, L_0x7f65bfee4258;  1 drivers
v0x55feeee720c0_0 .net *"_s16", 0 0, L_0x55feeee80e00;  1 drivers
v0x55feeee72160_0 .net/2u *"_s2", 0 0, L_0x7f65bfee41c8;  1 drivers
v0x55feeee72240_0 .net *"_s4", 0 0, L_0x55feeee80a20;  1 drivers
L_0x7f65bfee4210 .functor BUFT 1, C4<0000>, C4<0>, C4<0>, C4<0>;
v0x55feeee72350_0 .net/2u *"_s7", 3 0, L_0x7f65bfee4210;  1 drivers
v0x55feeee72430_0 .net *"_s9", 0 0, L_0x55feeee80b10;  1 drivers
v0x55feeee7f3f0_3 .array/port v0x55feeee7f3f0, 3;
L_0x55feeee80b10 .cmp/eq 4, v0x55feeee7f3f0_3, L_0x7f65bfee4210;
v0x55feeee7f800_3 .array/port v0x55feeee7f800, 3;
L_0x55feeee80e00 .cmp/eq 4, v0x55feeee7f800_3, L_0x7f65bfee4258;
S_0x55feeee36870 .scope generate, "check_readiness[4]" "check_readiness[4]" 2 78, 2 78 0, S_0x55feeee3bfb0;
 .timescale -9 -12;
P_0x55feeee72560 .param/l "j" 0 2 78, +C4<0100>;
L_0x7f65bfee42a0 .functor BUFT 1, C4<1>, C4<0>, C4<0>, C4<0>;
L_0x55feeee80fe0 .functor XNOR 1, v0x55feeee7d100_4, L_0x7f65bfee42a0, C4<0>, C4<0>;
L_0x55feeee81220 .functor AND 1, L_0x55feeee80fe0, L_0x55feeee810d0, C4<1>, C4<1>;
L_0x55feeee81450 .functor AND 1, L_0x55feeee81220, L_0x55feeee81330, C4<1>, C4<1>;
v0x55feeee72640_0 .net *"_s11", 0 0, L_0x55feeee81220;  1 drivers
L_0x7f65bfee4330 .functor BUFT 1, C4<0000>, C4<0>, C4<0>, C4<0>;
v0x55feeee72700_0 .net/2u *"_s14", 3 0, L_0x7f65bfee4330;  1 drivers
v0x55feeee727e0_0 .net *"_s16", 0 0, L_0x55feeee81330;  1 drivers
v0x55feeee72880_0 .net/2u *"_s2", 0 0, L_0x7f65bfee42a0;  1 drivers
v0x55feeee72960_0 .net *"_s4", 0 0, L_0x55feeee80fe0;  1 drivers
L_0x7f65bfee42e8 .functor BUFT 1, C4<0000>, C4<0>, C4<0>, C4<0>;
v0x55feeee72a70_0 .net/2u *"_s7", 3 0, L_0x7f65bfee42e8;  1 drivers
v0x55feeee72b50_0 .net *"_s9", 0 0, L_0x55feeee810d0;  1 drivers
v0x55feeee7f3f0_4 .array/port v0x55feeee7f3f0, 4;
L_0x55feeee810d0 .cmp/eq 4, v0x55feeee7f3f0_4, L_0x7f65bfee42e8;
v0x55feeee7f800_4 .array/port v0x55feeee7f800, 4;
L_0x55feeee81330 .cmp/eq 4, v0x55feeee7f800_4, L_0x7f65bfee4330;
S_0x55feeee39060 .scope generate, "check_readiness[5]" "check_readiness[5]" 2 78, 2 78 0, S_0x55feeee3bfb0;
 .timescale -9 -12;
P_0x55feeee72cd0 .param/l "j" 0 2 78, +C4<0101>;
L_0x7f65bfee4378 .functor BUFT 1, C4<1>, C4<0>, C4<0>, C4<0>;
L_0x55feeee81560 .functor XNOR 1, v0x55feeee7d100_5, L_0x7f65bfee4378, C4<0>, C4<0>;
L_0x55feeee817a0 .functor AND 1, L_0x55feeee81560, L_0x55feeee81650, C4<1>, C4<1>;
L_0x55feeee819d0 .functor AND 1, L_0x55feeee817a0, L_0x55feeee818b0, C4<1>, C4<1>;
v0x55feeee72db0_0 .net *"_s11", 0 0, L_0x55feeee817a0;  1 drivers
L_0x7f65bfee4408 .functor BUFT 1, C4<0000>, C4<0>, C4<0>, C4<0>;
v0x55feeee72e70_0 .net/2u *"_s14", 3 0, L_0x7f65bfee4408;  1 drivers
v0x55feeee72f50_0 .net *"_s16", 0 0, L_0x55feeee818b0;  1 drivers
v0x55feeee72ff0_0 .net/2u *"_s2", 0 0, L_0x7f65bfee4378;  1 drivers
v0x55feeee730d0_0 .net *"_s4", 0 0, L_0x55feeee81560;  1 drivers
L_0x7f65bfee43c0 .functor BUFT 1, C4<0000>, C4<0>, C4<0>, C4<0>;
v0x55feeee731e0_0 .net/2u *"_s7", 3 0, L_0x7f65bfee43c0;  1 drivers
v0x55feeee732c0_0 .net *"_s9", 0 0, L_0x55feeee81650;  1 drivers
v0x55feeee7f3f0_5 .array/port v0x55feeee7f3f0, 5;
L_0x55feeee81650 .cmp/eq 4, v0x55feeee7f3f0_5, L_0x7f65bfee43c0;
v0x55feeee7f800_5 .array/port v0x55feeee7f800, 5;
L_0x55feeee818b0 .cmp/eq 4, v0x55feeee7f800_5, L_0x7f65bfee4408;
S_0x55feeee499d0 .scope generate, "check_readiness[6]" "check_readiness[6]" 2 78, 2 78 0, S_0x55feeee3bfb0;
 .timescale -9 -12;
P_0x55feeee733f0 .param/l "j" 0 2 78, +C4<0110>;
L_0x7f65bfee4450 .functor BUFT 1, C4<1>, C4<0>, C4<0>, C4<0>;
L_0x55feeee81ae0 .functor XNOR 1, v0x55feeee7d100_6, L_0x7f65bfee4450, C4<0>, C4<0>;
L_0x55feeee81d20 .functor AND 1, L_0x55feeee81ae0, L_0x55feeee81bd0, C4<1>, C4<1>;
L_0x55feeee81f50 .functor AND 1, L_0x55feeee81d20, L_0x55feeee81e30, C4<1>, C4<1>;
v0x55feeee734d0_0 .net *"_s11", 0 0, L_0x55feeee81d20;  1 drivers
L_0x7f65bfee44e0 .functor BUFT 1, C4<0000>, C4<0>, C4<0>, C4<0>;
v0x55feeee73590_0 .net/2u *"_s14", 3 0, L_0x7f65bfee44e0;  1 drivers
v0x55feeee73670_0 .net *"_s16", 0 0, L_0x55feeee81e30;  1 drivers
v0x55feeee73710_0 .net/2u *"_s2", 0 0, L_0x7f65bfee4450;  1 drivers
v0x55feeee737f0_0 .net *"_s4", 0 0, L_0x55feeee81ae0;  1 drivers
L_0x7f65bfee4498 .functor BUFT 1, C4<0000>, C4<0>, C4<0>, C4<0>;
v0x55feeee73900_0 .net/2u *"_s7", 3 0, L_0x7f65bfee4498;  1 drivers
v0x55feeee739e0_0 .net *"_s9", 0 0, L_0x55feeee81bd0;  1 drivers
v0x55feeee7f3f0_6 .array/port v0x55feeee7f3f0, 6;
L_0x55feeee81bd0 .cmp/eq 4, v0x55feeee7f3f0_6, L_0x7f65bfee4498;
v0x55feeee7f800_6 .array/port v0x55feeee7f800, 6;
L_0x55feeee81e30 .cmp/eq 4, v0x55feeee7f800_6, L_0x7f65bfee44e0;
S_0x55feeee395b0 .scope generate, "check_readiness[7]" "check_readiness[7]" 2 78, 2 78 0, S_0x55feeee3bfb0;
 .timescale -9 -12;
P_0x55feeee73b10 .param/l "j" 0 2 78, +C4<0111>;
L_0x7f65bfee4528 .functor BUFT 1, C4<1>, C4<0>, C4<0>, C4<0>;
L_0x55feeee82060 .functor XNOR 1, v0x55feeee7d100_7, L_0x7f65bfee4528, C4<0>, C4<0>;
L_0x55feeee822a0 .functor AND 1, L_0x55feeee82060, L_0x55feeee82150, C4<1>, C4<1>;
L_0x55feeee824d0 .functor AND 1, L_0x55feeee822a0, L_0x55feeee823b0, C4<1>, C4<1>;
v0x55feeee73bf0_0 .net *"_s11", 0 0, L_0x55feeee822a0;  1 drivers
L_0x7f65bfee45b8 .functor BUFT 1, C4<0000>, C4<0>, C4<0>, C4<0>;
v0x55feeee73cb0_0 .net/2u *"_s14", 3 0, L_0x7f65bfee45b8;  1 drivers
v0x55feeee73d90_0 .net *"_s16", 0 0, L_0x55feeee823b0;  1 drivers
v0x55feeee73e30_0 .net/2u *"_s2", 0 0, L_0x7f65bfee4528;  1 drivers
v0x55feeee73f10_0 .net *"_s4", 0 0, L_0x55feeee82060;  1 drivers
L_0x7f65bfee4570 .functor BUFT 1, C4<0000>, C4<0>, C4<0>, C4<0>;
v0x55feeee74020_0 .net/2u *"_s7", 3 0, L_0x7f65bfee4570;  1 drivers
v0x55feeee74100_0 .net *"_s9", 0 0, L_0x55feeee82150;  1 drivers
v0x55feeee7f3f0_7 .array/port v0x55feeee7f3f0, 7;
L_0x55feeee82150 .cmp/eq 4, v0x55feeee7f3f0_7, L_0x7f65bfee4570;
v0x55feeee7f800_7 .array/port v0x55feeee7f800, 7;
L_0x55feeee823b0 .cmp/eq 4, v0x55feeee7f800_7, L_0x7f65bfee45b8;
S_0x55feeee741c0 .scope generate, "check_readiness[8]" "check_readiness[8]" 2 78, 2 78 0, S_0x55feeee3bfb0;
 .timescale -9 -12;
P_0x55feeee743b0 .param/l "j" 0 2 78, +C4<01000>;
L_0x7f65bfee4600 .functor BUFT 1, C4<1>, C4<0>, C4<0>, C4<0>;
L_0x55feeee825e0 .functor XNOR 1, v0x55feeee7d100_8, L_0x7f65bfee4600, C4<0>, C4<0>;
L_0x55feeee82820 .functor AND 1, L_0x55feeee825e0, L_0x55feeee826d0, C4<1>, C4<1>;
L_0x55feeee82a50 .functor AND 1, L_0x55feeee82820, L_0x55feeee82930, C4<1>, C4<1>;
v0x55feeee74490_0 .net *"_s11", 0 0, L_0x55feeee82820;  1 drivers
L_0x7f65bfee4690 .functor BUFT 1, C4<0000>, C4<0>, C4<0>, C4<0>;
v0x55feeee74550_0 .net/2u *"_s14", 3 0, L_0x7f65bfee4690;  1 drivers
v0x55feeee74630_0 .net *"_s16", 0 0, L_0x55feeee82930;  1 drivers
v0x55feeee746d0_0 .net/2u *"_s2", 0 0, L_0x7f65bfee4600;  1 drivers
v0x55feeee747b0_0 .net *"_s4", 0 0, L_0x55feeee825e0;  1 drivers
L_0x7f65bfee4648 .functor BUFT 1, C4<0000>, C4<0>, C4<0>, C4<0>;
v0x55feeee748c0_0 .net/2u *"_s7", 3 0, L_0x7f65bfee4648;  1 drivers
v0x55feeee749a0_0 .net *"_s9", 0 0, L_0x55feeee826d0;  1 drivers
v0x55feeee7f3f0_8 .array/port v0x55feeee7f3f0, 8;
L_0x55feeee826d0 .cmp/eq 4, v0x55feeee7f3f0_8, L_0x7f65bfee4648;
v0x55feeee7f800_8 .array/port v0x55feeee7f800, 8;
L_0x55feeee82930 .cmp/eq 4, v0x55feeee7f800_8, L_0x7f65bfee4690;
S_0x55feeee74a60 .scope generate, "check_readiness[9]" "check_readiness[9]" 2 78, 2 78 0, S_0x55feeee3bfb0;
 .timescale -9 -12;
P_0x55feeee72c80 .param/l "j" 0 2 78, +C4<01001>;
L_0x7f65bfee46d8 .functor BUFT 1, C4<1>, C4<0>, C4<0>, C4<0>;
L_0x55feeee82b60 .functor XNOR 1, v0x55feeee7d100_9, L_0x7f65bfee46d8, C4<0>, C4<0>;
L_0x55feeee82da0 .functor AND 1, L_0x55feeee82b60, L_0x55feeee82c50, C4<1>, C4<1>;
L_0x55feeee82fd0 .functor AND 1, L_0x55feeee82da0, L_0x55feeee82eb0, C4<1>, C4<1>;
v0x55feeee74ce0_0 .net *"_s11", 0 0, L_0x55feeee82da0;  1 drivers
L_0x7f65bfee4768 .functor BUFT 1, C4<0000>, C4<0>, C4<0>, C4<0>;
v0x55feeee74da0_0 .net/2u *"_s14", 3 0, L_0x7f65bfee4768;  1 drivers
v0x55feeee74e80_0 .net *"_s16", 0 0, L_0x55feeee82eb0;  1 drivers
v0x55feeee74f20_0 .net/2u *"_s2", 0 0, L_0x7f65bfee46d8;  1 drivers
v0x55feeee75000_0 .net *"_s4", 0 0, L_0x55feeee82b60;  1 drivers
L_0x7f65bfee4720 .functor BUFT 1, C4<0000>, C4<0>, C4<0>, C4<0>;
v0x55feeee75110_0 .net/2u *"_s7", 3 0, L_0x7f65bfee4720;  1 drivers
v0x55feeee751f0_0 .net *"_s9", 0 0, L_0x55feeee82c50;  1 drivers
v0x55feeee7f3f0_9 .array/port v0x55feeee7f3f0, 9;
L_0x55feeee82c50 .cmp/eq 4, v0x55feeee7f3f0_9, L_0x7f65bfee4720;
v0x55feeee7f800_9 .array/port v0x55feeee7f800, 9;
L_0x55feeee82eb0 .cmp/eq 4, v0x55feeee7f800_9, L_0x7f65bfee4768;
S_0x55feeee752b0 .scope generate, "check_readiness[10]" "check_readiness[10]" 2 78, 2 78 0, S_0x55feeee3bfb0;
 .timescale -9 -12;
P_0x55feeee754a0 .param/l "j" 0 2 78, +C4<01010>;
L_0x7f65bfee47b0 .functor BUFT 1, C4<1>, C4<0>, C4<0>, C4<0>;
L_0x55feeee830e0 .functor XNOR 1, v0x55feeee7d100_10, L_0x7f65bfee47b0, C4<0>, C4<0>;
L_0x55feeee83320 .functor AND 1, L_0x55feeee830e0, L_0x55feeee831d0, C4<1>, C4<1>;
L_0x55feeee83550 .functor AND 1, L_0x55feeee83320, L_0x55feeee83430, C4<1>, C4<1>;
v0x55feeee75580_0 .net *"_s11", 0 0, L_0x55feeee83320;  1 drivers
L_0x7f65bfee4840 .functor BUFT 1, C4<0000>, C4<0>, C4<0>, C4<0>;
v0x55feeee75640_0 .net/2u *"_s14", 3 0, L_0x7f65bfee4840;  1 drivers
v0x55feeee75720_0 .net *"_s16", 0 0, L_0x55feeee83430;  1 drivers
v0x55feeee757c0_0 .net/2u *"_s2", 0 0, L_0x7f65bfee47b0;  1 drivers
v0x55feeee758a0_0 .net *"_s4", 0 0, L_0x55feeee830e0;  1 drivers
L_0x7f65bfee47f8 .functor BUFT 1, C4<0000>, C4<0>, C4<0>, C4<0>;
v0x55feeee759b0_0 .net/2u *"_s7", 3 0, L_0x7f65bfee47f8;  1 drivers
v0x55feeee75a90_0 .net *"_s9", 0 0, L_0x55feeee831d0;  1 drivers
v0x55feeee7f3f0_10 .array/port v0x55feeee7f3f0, 10;
L_0x55feeee831d0 .cmp/eq 4, v0x55feeee7f3f0_10, L_0x7f65bfee47f8;
v0x55feeee7f800_10 .array/port v0x55feeee7f800, 10;
L_0x55feeee83430 .cmp/eq 4, v0x55feeee7f800_10, L_0x7f65bfee4840;
S_0x55feeee75b50 .scope generate, "check_readiness[11]" "check_readiness[11]" 2 78, 2 78 0, S_0x55feeee3bfb0;
 .timescale -9 -12;
P_0x55feeee75d40 .param/l "j" 0 2 78, +C4<01011>;
L_0x7f65bfee4888 .functor BUFT 1, C4<1>, C4<0>, C4<0>, C4<0>;
L_0x55feeee83660 .functor XNOR 1, v0x55feeee7d100_11, L_0x7f65bfee4888, C4<0>, C4<0>;
L_0x55feeee838a0 .functor AND 1, L_0x55feeee83660, L_0x55feeee83750, C4<1>, C4<1>;
L_0x55feeee83ad0 .functor AND 1, L_0x55feeee838a0, L_0x55feeee839b0, C4<1>, C4<1>;
v0x55feeee75e20_0 .net *"_s11", 0 0, L_0x55feeee838a0;  1 drivers
L_0x7f65bfee4918 .functor BUFT 1, C4<0000>, C4<0>, C4<0>, C4<0>;
v0x55feeee75ee0_0 .net/2u *"_s14", 3 0, L_0x7f65bfee4918;  1 drivers
v0x55feeee75fc0_0 .net *"_s16", 0 0, L_0x55feeee839b0;  1 drivers
v0x55feeee76060_0 .net/2u *"_s2", 0 0, L_0x7f65bfee4888;  1 drivers
v0x55feeee76140_0 .net *"_s4", 0 0, L_0x55feeee83660;  1 drivers
L_0x7f65bfee48d0 .functor BUFT 1, C4<0000>, C4<0>, C4<0>, C4<0>;
v0x55feeee76250_0 .net/2u *"_s7", 3 0, L_0x7f65bfee48d0;  1 drivers
v0x55feeee76330_0 .net *"_s9", 0 0, L_0x55feeee83750;  1 drivers
v0x55feeee7f3f0_11 .array/port v0x55feeee7f3f0, 11;
L_0x55feeee83750 .cmp/eq 4, v0x55feeee7f3f0_11, L_0x7f65bfee48d0;
v0x55feeee7f800_11 .array/port v0x55feeee7f800, 11;
L_0x55feeee839b0 .cmp/eq 4, v0x55feeee7f800_11, L_0x7f65bfee4918;
S_0x55feeee763f0 .scope generate, "check_readiness[12]" "check_readiness[12]" 2 78, 2 78 0, S_0x55feeee3bfb0;
 .timescale -9 -12;
P_0x55feeee765e0 .param/l "j" 0 2 78, +C4<01100>;
L_0x7f65bfee4960 .functor BUFT 1, C4<1>, C4<0>, C4<0>, C4<0>;
L_0x55feeee83be0 .functor XNOR 1, v0x55feeee7d100_12, L_0x7f65bfee4960, C4<0>, C4<0>;
L_0x55feeee83e20 .functor AND 1, L_0x55feeee83be0, L_0x55feeee83cd0, C4<1>, C4<1>;
L_0x55feeee7fa10 .functor AND 1, L_0x55feeee83e20, L_0x55feeee83f30, C4<1>, C4<1>;
v0x55feeee766c0_0 .net *"_s11", 0 0, L_0x55feeee83e20;  1 drivers
L_0x7f65bfee49f0 .functor BUFT 1, C4<0000>, C4<0>, C4<0>, C4<0>;
v0x55feeee76780_0 .net/2u *"_s14", 3 0, L_0x7f65bfee49f0;  1 drivers
v0x55feeee76860_0 .net *"_s16", 0 0, L_0x55feeee83f30;  1 drivers
v0x55feeee76900_0 .net/2u *"_s2", 0 0, L_0x7f65bfee4960;  1 drivers
v0x55feeee769e0_0 .net *"_s4", 0 0, L_0x55feeee83be0;  1 drivers
L_0x7f65bfee49a8 .functor BUFT 1, C4<0000>, C4<0>, C4<0>, C4<0>;
v0x55feeee76af0_0 .net/2u *"_s7", 3 0, L_0x7f65bfee49a8;  1 drivers
v0x55feeee76bd0_0 .net *"_s9", 0 0, L_0x55feeee83cd0;  1 drivers
v0x55feeee7f3f0_12 .array/port v0x55feeee7f3f0, 12;
L_0x55feeee83cd0 .cmp/eq 4, v0x55feeee7f3f0_12, L_0x7f65bfee49a8;
v0x55feeee7f800_12 .array/port v0x55feeee7f800, 12;
L_0x55feeee83f30 .cmp/eq 4, v0x55feeee7f800_12, L_0x7f65bfee49f0;
S_0x55feeee76c90 .scope generate, "check_readiness[13]" "check_readiness[13]" 2 78, 2 78 0, S_0x55feeee3bfb0;
 .timescale -9 -12;
P_0x55feeee76e80 .param/l "j" 0 2 78, +C4<01101>;
L_0x7f65bfee4a38 .functor BUFT 1, C4<1>, C4<0>, C4<0>, C4<0>;
L_0x55feeee7f5d0 .functor XNOR 1, v0x55feeee7d100_13, L_0x7f65bfee4a38, C4<0>, C4<0>;
L_0x55feeee83fd0 .functor AND 1, L_0x55feeee7f5d0, L_0x55feeee7d1e0, C4<1>, C4<1>;
L_0x55feeee841d0 .functor AND 1, L_0x55feeee83fd0, L_0x55feeee840e0, C4<1>, C4<1>;
v0x55feeee76f60_0 .net *"_s11", 0 0, L_0x55feeee83fd0;  1 drivers
L_0x7f65bfee4ac8 .functor BUFT 1, C4<0000>, C4<0>, C4<0>, C4<0>;
v0x55feeee77020_0 .net/2u *"_s14", 3 0, L_0x7f65bfee4ac8;  1 drivers
v0x55feeee77100_0 .net *"_s16", 0 0, L_0x55feeee840e0;  1 drivers
v0x55feeee771a0_0 .net/2u *"_s2", 0 0, L_0x7f65bfee4a38;  1 drivers
v0x55feeee77280_0 .net *"_s4", 0 0, L_0x55feeee7f5d0;  1 drivers
L_0x7f65bfee4a80 .functor BUFT 1, C4<0000>, C4<0>, C4<0>, C4<0>;
v0x55feeee77390_0 .net/2u *"_s7", 3 0, L_0x7f65bfee4a80;  1 drivers
v0x55feeee77470_0 .net *"_s9", 0 0, L_0x55feeee7d1e0;  1 drivers
v0x55feeee7f3f0_13 .array/port v0x55feeee7f3f0, 13;
L_0x55feeee7d1e0 .cmp/eq 4, v0x55feeee7f3f0_13, L_0x7f65bfee4a80;
v0x55feeee7f800_13 .array/port v0x55feeee7f800, 13;
L_0x55feeee840e0 .cmp/eq 4, v0x55feeee7f800_13, L_0x7f65bfee4ac8;
S_0x55feeee77530 .scope generate, "check_readiness[14]" "check_readiness[14]" 2 78, 2 78 0, S_0x55feeee3bfb0;
 .timescale -9 -12;
P_0x55feeee77720 .param/l "j" 0 2 78, +C4<01110>;
L_0x7f65bfee4b10 .functor BUFT 1, C4<1>, C4<0>, C4<0>, C4<0>;
L_0x55feeee842e0 .functor XNOR 1, v0x55feeee7d100_14, L_0x7f65bfee4b10, C4<0>, C4<0>;
L_0x55feeee84520 .functor AND 1, L_0x55feeee842e0, L_0x55feeee843d0, C4<1>, C4<1>;
L_0x55feeee84750 .functor AND 1, L_0x55feeee84520, L_0x55feeee84630, C4<1>, C4<1>;
v0x55feeee77800_0 .net *"_s11", 0 0, L_0x55feeee84520;  1 drivers
L_0x7f65bfee4ba0 .functor BUFT 1, C4<0000>, C4<0>, C4<0>, C4<0>;
v0x55feeee778c0_0 .net/2u *"_s14", 3 0, L_0x7f65bfee4ba0;  1 drivers
v0x55feeee779a0_0 .net *"_s16", 0 0, L_0x55feeee84630;  1 drivers
v0x55feeee77a40_0 .net/2u *"_s2", 0 0, L_0x7f65bfee4b10;  1 drivers
v0x55feeee77b20_0 .net *"_s4", 0 0, L_0x55feeee842e0;  1 drivers
L_0x7f65bfee4b58 .functor BUFT 1, C4<0000>, C4<0>, C4<0>, C4<0>;
v0x55feeee77c30_0 .net/2u *"_s7", 3 0, L_0x7f65bfee4b58;  1 drivers
v0x55feeee77d10_0 .net *"_s9", 0 0, L_0x55feeee843d0;  1 drivers
v0x55feeee7f3f0_14 .array/port v0x55feeee7f3f0, 14;
L_0x55feeee843d0 .cmp/eq 4, v0x55feeee7f3f0_14, L_0x7f65bfee4b58;
v0x55feeee7f800_14 .array/port v0x55feeee7f800, 14;
L_0x55feeee84630 .cmp/eq 4, v0x55feeee7f800_14, L_0x7f65bfee4ba0;
S_0x55feeee77dd0 .scope generate, "check_readiness[15]" "check_readiness[15]" 2 78, 2 78 0, S_0x55feeee3bfb0;
 .timescale -9 -12;
P_0x55feeee77fc0 .param/l "j" 0 2 78, +C4<01111>;
L_0x7f65bfee4be8 .functor BUFT 1, C4<1>, C4<0>, C4<0>, C4<0>;
L_0x55feeee84860 .functor XNOR 1, v0x55feeee7d100_15, L_0x7f65bfee4be8, C4<0>, C4<0>;
L_0x55feeee84aa0 .functor AND 1, L_0x55feeee84860, L_0x55feeee84950, C4<1>, C4<1>;
L_0x55feeee84cd0 .functor AND 1, L_0x55feeee84aa0, L_0x55feeee84bb0, C4<1>, C4<1>;
v0x55feeee780a0_0 .net *"_s11", 0 0, L_0x55feeee84aa0;  1 drivers
L_0x7f65bfee4c78 .functor BUFT 1, C4<0000>, C4<0>, C4<0>, C4<0>;
v0x55feeee78160_0 .net/2u *"_s14", 3 0, L_0x7f65bfee4c78;  1 drivers
v0x55feeee78240_0 .net *"_s16", 0 0, L_0x55feeee84bb0;  1 drivers
v0x55feeee782e0_0 .net/2u *"_s2", 0 0, L_0x7f65bfee4be8;  1 drivers
v0x55feeee783c0_0 .net *"_s4", 0 0, L_0x55feeee84860;  1 drivers
L_0x7f65bfee4c30 .functor BUFT 1, C4<0000>, C4<0>, C4<0>, C4<0>;
v0x55feeee784d0_0 .net/2u *"_s7", 3 0, L_0x7f65bfee4c30;  1 drivers
v0x55feeee785b0_0 .net *"_s9", 0 0, L_0x55feeee84950;  1 drivers
v0x55feeee7f3f0_15 .array/port v0x55feeee7f3f0, 15;
L_0x55feeee84950 .cmp/eq 4, v0x55feeee7f3f0_15, L_0x7f65bfee4c30;
v0x55feeee7f800_15 .array/port v0x55feeee7f800, 15;
L_0x55feeee84bb0 .cmp/eq 4, v0x55feeee7f800_15, L_0x7f65bfee4c78;
    .scope S_0x55feeee3bfb0;
T_0 ;
    %wait E_0x55feeee08390;
    %load/vec4 v0x55feeee7f270_0;
    %flag_set/vec4 8;
    %jmp/0xz  T_0.0, 8;
    %pushi/vec4 0, 0, 6;
    %assign/vec4 v0x55feeee7e7e0_0, 0;
    %pushi/vec4 1, 0, 32;
    %store/vec4 v0x55feeee7d540_0, 0, 32;
T_0.2 ;
    %load/vec4 v0x55feeee7d540_0;
    %cmpi/s 16, 0, 32;
    %jmp/0xz T_0.3, 5;
    %pushi/vec4 0, 0, 6;
    %ix/getv/s 3, v0x55feeee7d540_0;
    %ix/load 4, 0, 0; Constant delay
    %assign/vec4/a/d v0x55feeee7e640, 0, 4;
    %pushi/vec4 0, 0, 1;
    %ix/getv/s 3, v0x55feeee7d540_0;
    %ix/load 4, 0, 0; Constant delay
    %assign/vec4/a/d v0x55feeee7d100, 0, 4;
    %load/vec4 v0x55feeee7d540_0;
    %addi 1, 0, 32;
    %store/vec4 v0x55feeee7d540_0, 0, 32;
    %jmp T_0.2;
T_0.3 ;
T_0.0 ;
    %load/vec4 v0x55feeee7f270_0;
    %pushi/vec4 0, 0, 1;
    %cmp/e;
    %flag_get/vec4 4;
    %load/vec4 v0x55feeee7edc0_0;
    %and;
    %flag_set/vec4 8;
    %jmp/0xz  T_0.4, 8;
    %pushi/vec4 0, 0, 6;
    %assign/vec4 v0x55feeee7e7e0_0, 0;
    %load/vec4 v0x55feeee7e4a0_0;
    %cmpi/e 0, 0, 1;
    %jmp/0xz  T_0.6, 4;
    %load/vec4 v0x55feeee7e560_0;
    %cmpi/ne 0, 0, 5;
    %jmp/0xz  T_0.8, 4;
    %load/vec4 v0x55feeee7e560_0;
    %pad/u 6;
    %ix/vec4 4;
    %load/vec4a v0x55feeee7e640, 4;
    %assign/vec4 v0x55feeee7e7e0_0, 0;
    %load/vec4 v0x55feeee7e560_0;
    %pad/u 6;
    %ix/vec4 4;
    %load/vec4a v0x55feeee7f330, 4;
    %assign/vec4 v0x55feeee7ea80_0, 0;
    %load/vec4 v0x55feeee7e560_0;
    %pad/u 6;
    %ix/vec4 4;
    %load/vec4a v0x55feeee7f740, 4;
    %assign/vec4 v0x55feeee7eb60_0, 0;
    %load/vec4 v0x55feeee7e560_0;
    %pad/u 6;
    %ix/vec4 4;
    %load/vec4a v0x55feeee7f1b0, 4;
    %assign/vec4 v0x55feeee7e9a0_0, 0;
    %load/vec4 v0x55feeee7e560_0;
    %pad/u 6;
    %ix/vec4 4;
    %load/vec4a v0x55feeee7d620, 4;
    %assign/vec4 v0x55feeee7e700_0, 0;
    %load/vec4 v0x55feeee7e560_0;
    %pad/u 6;
    %ix/vec4 4;
    %load/vec4a v0x55feeee7ed00, 4;
    %assign/vec4 v0x55feeee7e8c0_0, 0;
    %pushi/vec4 0, 0, 1;
    %load/vec4 v0x55feeee7e560_0;
    %pad/u 6;
    %ix/vec4 3;
    %ix/load 4, 0, 0; Constant delay
    %assign/vec4/a/d v0x55feeee7d100, 0, 4;
T_0.8 ;
    %load/vec4 v0x55feeee7dfa0_0;
    %pushi/vec4 1, 0, 1;
    %cmp/e;
    %flag_get/vec4 4;
    %load/vec4 v0x55feeee7d980_0;
    %pushi/vec4 0, 0, 6;
    %cmp/e;
    %flag_get/vec4 4;
    %inv;
    %and;
    %load/vec4 v0x55feeee7db40_0;
    %pushi/vec4 0, 0, 4;
    %cmp/e;
    %flag_get/vec4 4;
    %inv;
    %and;
    %flag_set/vec4 8;
    %jmp/0xz  T_0.10, 8;
    %load/vec4 v0x55feeee7d980_0;
    %load/vec4 v0x55feeee7d460_0;
    %pad/u 6;
    %ix/vec4 3;
    %ix/load 4, 0, 0; Constant delay
    %assign/vec4/a/d v0x55feeee7e640, 0, 4;
    %load/vec4 v0x55feeee7db40_0;
    %load/vec4 v0x55feeee7d460_0;
    %pad/u 6;
    %ix/vec4 3;
    %ix/load 4, 0, 0; Constant delay
    %assign/vec4/a/d v0x55feeee7f1b0, 0, 4;
    %load/vec4 v0x55feeee7dde0_0;
    %load/vec4 v0x55feeee7d460_0;
    %pad/u 6;
    %ix/vec4 3;
    %ix/load 4, 0, 0; Constant delay
    %assign/vec4/a/d v0x55feeee7f330, 0, 4;
    %load/vec4 v0x55feeee7dec0_0;
    %load/vec4 v0x55feeee7d460_0;
    %pad/u 6;
    %ix/vec4 3;
    %ix/load 4, 0, 0; Constant delay
    %assign/vec4/a/d v0x55feeee7f740, 0, 4;
    %load/vec4 v0x55feeee7d8a0_0;
    %load/vec4 v0x55feeee7d460_0;
    %pad/u 6;
    %ix/vec4 3;
    %ix/load 4, 0, 0; Constant delay
    %assign/vec4/a/d v0x55feeee7d620, 0, 4;
    %load/vec4 v0x55feeee7dc20_0;
    %load/vec4 v0x55feeee7d460_0;
    %pad/u 6;
    %ix/vec4 3;
    %ix/load 4, 0, 0; Constant delay
    %assign/vec4/a/d v0x55feeee7f3f0, 0, 4;
    %load/vec4 v0x55feeee7dd00_0;
    %load/vec4 v0x55feeee7d460_0;
    %pad/u 6;
    %ix/vec4 3;
    %ix/load 4, 0, 0; Constant delay
    %assign/vec4/a/d v0x55feeee7f800, 0, 4;
    %load/vec4 v0x55feeee7da60_0;
    %load/vec4 v0x55feeee7d460_0;
    %pad/u 6;
    %ix/vec4 3;
    %ix/load 4, 0, 0; Constant delay
    %assign/vec4/a/d v0x55feeee7ed00, 0, 4;
    %pushi/vec4 1, 0, 1;
    %load/vec4 v0x55feeee7d460_0;
    %pad/u 6;
    %ix/vec4 3;
    %ix/load 4, 0, 0; Constant delay
    %assign/vec4/a/d v0x55feeee7d100, 0, 4;
    %load/vec4 v0x55feeee7d6e0_0;
    %cmpi/ne 0, 0, 4;
    %jmp/0xz  T_0.12, 4;
    %load/vec4 v0x55feeee7d6e0_0;
    %load/vec4 v0x55feeee7dc20_0;
    %cmp/e;
    %jmp/0xz  T_0.14, 4;
    %load/vec4 v0x55feeee7d7c0_0;
    %load/vec4 v0x55feeee7d460_0;
    %pad/u 6;
    %ix/vec4 3;
    %ix/load 4, 0, 0; Constant delay
    %assign/vec4/a/d v0x55feeee7f330, 0, 4;
    %pushi/vec4 0, 0, 4;
    %load/vec4 v0x55feeee7d460_0;
    %pad/u 6;
    %ix/vec4 3;
    %ix/load 4, 0, 0; Constant delay
    %assign/vec4/a/d v0x55feeee7f3f0, 0, 4;
T_0.14 ;
    %load/vec4 v0x55feeee7d6e0_0;
    %load/vec4 v0x55feeee7dd00_0;
    %cmp/e;
    %jmp/0xz  T_0.16, 4;
    %load/vec4 v0x55feeee7d7c0_0;
    %load/vec4 v0x55feeee7d460_0;
    %pad/u 6;
    %ix/vec4 3;
    %ix/load 4, 0, 0; Constant delay
    %assign/vec4/a/d v0x55feeee7f740, 0, 4;
    %pushi/vec4 0, 0, 4;
    %load/vec4 v0x55feeee7d460_0;
    %pad/u 6;
    %ix/vec4 3;
    %ix/load 4, 0, 0; Constant delay
    %assign/vec4/a/d v0x55feeee7f800, 0, 4;
T_0.16 ;
T_0.12 ;
    %load/vec4 v0x55feeee7e060_0;
    %pushi/vec4 0, 0, 4;
    %cmp/e;
    %flag_get/vec4 4;
    %inv;
    %load/vec4 v0x55feeee7e220_0;
    %pushi/vec4 0, 0, 1;
    %cmp/e;
    %flag_get/vec4 4;
    %and;
    %flag_set/vec4 8;
    %jmp/0xz  T_0.18, 8;
    %load/vec4 v0x55feeee7e060_0;
    %load/vec4 v0x55feeee7dc20_0;
    %cmp/e;
    %jmp/0xz  T_0.20, 4;
    %load/vec4 v0x55feeee7e140_0;
    %load/vec4 v0x55feeee7d460_0;
    %pad/u 6;
    %ix/vec4 3;
    %ix/load 4, 0, 0; Constant delay
    %assign/vec4/a/d v0x55feeee7f330, 0, 4;
    %pushi/vec4 0, 0, 4;
    %load/vec4 v0x55feeee7d460_0;
    %pad/u 6;
    %ix/vec4 3;
    %ix/load 4, 0, 0; Constant delay
    %assign/vec4/a/d v0x55feeee7f3f0, 0, 4;
T_0.20 ;
    %load/vec4 v0x55feeee7e060_0;
    %load/vec4 v0x55feeee7dd00_0;
    %cmp/e;
    %jmp/0xz  T_0.22, 4;
    %load/vec4 v0x55feeee7e140_0;
    %load/vec4 v0x55feeee7d460_0;
    %pad/u 6;
    %ix/vec4 3;
    %ix/load 4, 0, 0; Constant delay
    %assign/vec4/a/d v0x55feeee7f740, 0, 4;
    %pushi/vec4 0, 0, 4;
    %load/vec4 v0x55feeee7d460_0;
    %pad/u 6;
    %ix/vec4 3;
    %ix/load 4, 0, 0; Constant delay
    %assign/vec4/a/d v0x55feeee7f800, 0, 4;
T_0.22 ;
T_0.18 ;
T_0.10 ;
    %pushi/vec4 1, 0, 32;
    %store/vec4 v0x55feeee7d540_0, 0, 32;
T_0.24 ;
    %load/vec4 v0x55feeee7d540_0;
    %cmpi/s 16, 0, 32;
    %jmp/0xz T_0.25, 5;
    %ix/getv/s 4, v0x55feeee7d540_0;
    %load/vec4a v0x55feeee7d100, 4;
    %cmpi/e 1, 0, 1;
    %jmp/0xz  T_0.26, 4;
    %load/vec4 v0x55feeee7d6e0_0;
    %cmpi/ne 0, 0, 4;
    %jmp/0xz  T_0.28, 4;
    %ix/getv/s 4, v0x55feeee7d540_0;
    %load/vec4a v0x55feeee7f3f0, 4;
    %load/vec4 v0x55feeee7d6e0_0;
    %cmp/e;
    %jmp/0xz  T_0.30, 4;
    %load/vec4 v0x55feeee7d7c0_0;
    %ix/getv/s 3, v0x55feeee7d540_0;
    %ix/load 4, 0, 0; Constant delay
    %assign/vec4/a/d v0x55feeee7f330, 0, 4;
    %pushi/vec4 0, 0, 4;
    %ix/getv/s 3, v0x55feeee7d540_0;
    %ix/load 4, 0, 0; Constant delay
    %assign/vec4/a/d v0x55feeee7f3f0, 0, 4;
T_0.30 ;
    %ix/getv/s 4, v0x55feeee7d540_0;
    %load/vec4a v0x55feeee7f800, 4;
    %load/vec4 v0x55feeee7d6e0_0;
    %cmp/e;
    %jmp/0xz  T_0.32, 4;
    %load/vec4 v0x55feeee7d7c0_0;
    %ix/getv/s 3, v0x55feeee7d540_0;
    %ix/load 4, 0, 0; Constant delay
    %assign/vec4/a/d v0x55feeee7f740, 0, 4;
    %pushi/vec4 0, 0, 4;
    %ix/getv/s 3, v0x55feeee7d540_0;
    %ix/load 4, 0, 0; Constant delay
    %assign/vec4/a/d v0x55feeee7f800, 0, 4;
T_0.32 ;
T_0.28 ;
    %load/vec4 v0x55feeee7e2e0_0;
    %cmpi/ne 0, 0, 4;
    %jmp/0xz  T_0.34, 4;
    %ix/getv/s 4, v0x55feeee7d540_0;
    %load/vec4a v0x55feeee7f3f0, 4;
    %load/vec4 v0x55feeee7e2e0_0;
    %cmp/e;
    %jmp/0xz  T_0.36, 4;
    %load/vec4 v0x55feeee7e3c0_0;
    %ix/getv/s 3, v0x55feeee7d540_0;
    %ix/load 4, 0, 0; Constant delay
    %assign/vec4/a/d v0x55feeee7f330, 0, 4;
    %pushi/vec4 0, 0, 4;
    %ix/getv/s 3, v0x55feeee7d540_0;
    %ix/load 4, 0, 0; Constant delay
    %assign/vec4/a/d v0x55feeee7f3f0, 0, 4;
T_0.36 ;
    %ix/getv/s 4, v0x55feeee7d540_0;
    %load/vec4a v0x55feeee7f800, 4;
    %load/vec4 v0x55feeee7e2e0_0;
    %cmp/e;
    %jmp/0xz  T_0.38, 4;
    %load/vec4 v0x55feeee7e3c0_0;
    %ix/getv/s 3, v0x55feeee7d540_0;
    %ix/load 4, 0, 0; Constant delay
    %assign/vec4/a/d v0x55feeee7f740, 0, 4;
    %pushi/vec4 0, 0, 4;
    %ix/getv/s 3, v0x55feeee7d540_0;
    %ix/load 4, 0, 0; Constant delay
    %assign/vec4/a/d v0x55feeee7f800, 0, 4;
T_0.38 ;
T_0.34 ;
    %load/vec4 v0x55feeee7e060_0;
    %pushi/vec4 0, 0, 4;
    %cmp/e;
    %flag_get/vec4 4;
    %inv;
    %load/vec4 v0x55feeee7e220_0;
    %pushi/vec4 0, 0, 1;
    %cmp/e;
    %flag_get/vec4 4;
    %and;
    %flag_set/vec4 8;
    %jmp/0xz  T_0.40, 8;
    %ix/getv/s 4, v0x55feeee7d540_0;
    %load/vec4a v0x55feeee7f3f0, 4;
    %load/vec4 v0x55feeee7e060_0;
    %cmp/e;
    %jmp/0xz  T_0.42, 4;
    %load/vec4 v0x55feeee7e140_0;
    %ix/getv/s 3, v0x55feeee7d540_0;
    %ix/load 4, 0, 0; Constant delay
    %assign/vec4/a/d v0x55feeee7f330, 0, 4;
    %pushi/vec4 0, 0, 4;
    %ix/getv/s 3, v0x55feeee7d540_0;
    %ix/load 4, 0, 0; Constant delay
    %assign/vec4/a/d v0x55feeee7f3f0, 0, 4;
T_0.42 ;
    %ix/getv/s 4, v0x55feeee7d540_0;
    %load/vec4a v0x55feeee7f800, 4;
    %load/vec4 v0x55feeee7e060_0;
    %cmp/e;
    %jmp/0xz  T_0.44, 4;
    %load/vec4 v0x55feeee7e140_0;
    %ix/getv/s 3, v0x55feeee7d540_0;
    %ix/load 4, 0, 0; Constant delay
    %assign/vec4/a/d v0x55feeee7f740, 0, 4;
    %pushi/vec4 0, 0, 4;
    %ix/getv/s 3, v0x55feeee7d540_0;
    %ix/load 4, 0, 0; Constant delay
    %assign/vec4/a/d v0x55feeee7f800, 0, 4;
T_0.44 ;
T_0.40 ;
T_0.26 ;
    %load/vec4 v0x55feeee7d540_0;
    %addi 1, 0, 32;
    %store/vec4 v0x55feeee7d540_0, 0, 32;
    %jmp T_0.24;
T_0.25 ;
    %jmp T_0.7;
T_0.6 ;
    %pushi/vec4 0, 0, 32;
    %store/vec4 v0x55feeee7d540_0, 0, 32;
T_0.46 ;
    %load/vec4 v0x55feeee7d540_0;
    %cmpi/s 16, 0, 32;
    %jmp/0xz T_0.47, 5;
    %pushi/vec4 0, 0, 1;
    %ix/getv/s 3, v0x55feeee7d540_0;
    %ix/load 4, 0, 0; Constant delay
    %assign/vec4/a/d v0x55feeee7d100, 0, 4;
    %pushi/vec4 0, 0, 4;
    %ix/getv/s 3, v0x55feeee7d540_0;
    %ix/load 4, 0, 0; Constant delay
    %assign/vec4/a/d v0x55feeee7f1b0, 0, 4;
    %load/vec4 v0x55feeee7d540_0;
    %addi 1, 0, 32;
    %store/vec4 v0x55feeee7d540_0, 0, 32;
    %jmp T_0.46;
T_0.47 ;
T_0.7 ;
T_0.4 ;
    %jmp T_0;
    .thread T_0;
# The file index is used to find the file name in the following table.
:file_names 3;
    "N/A";
    "<interactive>";
    "rs.v";
